Segmentierung (600 Bilder):

  Segmentierung [------------------------------]   0.2% (1/600)
  Segmentierung [------------------------------]   0.3% (2/600)
  Segmentierung [------------------------------]   0.5% (3/600)
  Segmentierung [------------------------------]   0.7% (4/600)
  Segmentierung [------------------------------]   0.8% (5/600)
  Segmentierung [------------------------------]   1.0% (6/600)
  Segmentierung [------------------------------]   1.2% (7/600)
  Segmentierung [------------------------------]   1.3% (8/600)
  Segmentierung [------------------------------]   1.5% (9/600)
  Segmentierung [------------------------------]   1.7% (10/600)
  Segmentierung [------------------------------]   1.8% (11/600)
  Segmentierung [------------------------------]   2.0% (12/600)
  Segmentierung [------------------------------]   2.2% (13/600)
  Segmentierung [------------------------------]   2.3% (14/600)
  Segmentierung [------------------------------]   2.5% (15/600)
  Segmentierung [------------------------------]   2.7% (16/600)
  Segmentierung [------------------------------]   2.8% (17/600)
  Segmentierung [------------------------------]   3.0% (18/600)
  Segmentierung [------------------------------]   3.2% (19/600)
  Segmentierung [#-----------------------------]   3.3% (20/600)
  Segmentierung [#-----------------------------]   3.5% (21/600)
  Segmentierung [#-----------------------------]   3.7% (22/600)
  Segmentierung [#-----------------------------]   3.8% (23/600)
  Segmentierung [#-----------------------------]   4.0% (24/600)
  Segmentierung [#-----------------------------]   4.2% (25/600)
  Segmentierung [#-----------------------------]   4.3% (26/600)
  Segmentierung [#-----------------------------]   4.5% (27/600)
  Segmentierung [#-----------------------------]   4.7% (28/600)
  Segmentierung [#-----------------------------]   4.8% (29/600)
  Segmentierung [#-----------------------------]   5.0% (30/600)
  Segmentierung [#-----------------------------]   5.2% (31/600)
  Segmentierung [#-----------------------------]   5.3% (32/600)
  Segmentierung [#-----------------------------]   5.5% (33/600)
  Segmentierung [#-----------------------------]   5.7% (34/600)
  Segmentierung [#-----------------------------]   5.8% (35/600)
  Segmentierung [#-----------------------------]   6.0% (36/600)
  Segmentierung [#-----------------------------]   6.2% (37/600)
  Segmentierung [#-----------------------------]   6.3% (38/600)
  Segmentierung [#-----------------------------]   6.5% (39/600)
  Segmentierung [##----------------------------]   6.7% (40/600)
  Segmentierung [##----------------------------]   6.8% (41/600)
  Segmentierung [##----------------------------]   7.0% (42/600)
  Segmentierung [##----------------------------]   7.2% (43/600)
  Segmentierung [##----------------------------]   7.3% (44/600)
  Segmentierung [##----------------------------]   7.5% (45/600)
  Segmentierung [##----------------------------]   7.7% (46/600)
  Segmentierung [##----------------------------]   7.8% (47/600)
  Segmentierung [##----------------------------]   8.0% (48/600)
  Segmentierung [##----------------------------]   8.2% (49/600)
  Segmentierung [##----------------------------]   8.3% (50/600)
  Segmentierung [##----------------------------]   8.5% (51/600)
  Segmentierung [##----------------------------]   8.7% (52/600)
  Segmentierung [##----------------------------]   8.8% (53/600)
  Segmentierung [##----------------------------]   9.0% (54/600)
  Segmentierung [##----------------------------]   9.2% (55/600)
  Segmentierung [##----------------------------]   9.3% (56/600)
  Segmentierung [##----------------------------]   9.5% (57/600)
  Segmentierung [##----------------------------]   9.7% (58/600)
  Segmentierung [##----------------------------]   9.8% (59/600)
  Segmentierung [###---------------------------]  10.0% (60/600)
  Segmentierung [###---------------------------]  10.2% (61/600)
  Segmentierung [###---------------------------]  10.3% (62/600)
  Segmentierung [###---------------------------]  10.5% (63/600)
  Segmentierung [###---------------------------]  10.7% (64/600)
  Segmentierung [###---------------------------]  10.8% (65/600)
  Segmentierung [###---------------------------]  11.0% (66/600)
  Segmentierung [###---------------------------]  11.2% (67/600)
  Segmentierung [###---------------------------]  11.3% (68/600)
  Segmentierung [###---------------------------]  11.5% (69/600)
  Segmentierung [###---------------------------]  11.7% (70/600)
  Segmentierung [###---------------------------]  11.8% (71/600)
  Segmentierung [###---------------------------]  12.0% (72/600)
  Segmentierung [###---------------------------]  12.2% (73/600)
  Segmentierung [###---------------------------]  12.3% (74/600)
  Segmentierung [###---------------------------]  12.5% (75/600)
  Segmentierung [###---------------------------]  12.7% (76/600)
  Segmentierung [###---------------------------]  12.8% (77/600)
  Segmentierung [###---------------------------]  13.0% (78/600)
  Segmentierung [###---------------------------]  13.2% (79/600)
  Segmentierung [####--------------------------]  13.3% (80/600)
  Segmentierung [####--------------------------]  13.5% (81/600)
  Segmentierung [####--------------------------]  13.7% (82/600)
  Segmentierung [####--------------------------]  13.8% (83/600)
  Segmentierung [####--------------------------]  14.0% (84/600)
  Segmentierung [####--------------------------]  14.2% (85/600)
  Segmentierung [####--------------------------]  14.3% (86/600)
  Segmentierung [####--------------------------]  14.5% (87/600)
  Segmentierung [####--------------------------]  14.7% (88/600)
  Segmentierung [####--------------------------]  14.8% (89/600)
  Segmentierung [####--------------------------]  15.0% (90/600)
  Segmentierung [####--------------------------]  15.2% (91/600)
  Segmentierung [####--------------------------]  15.3% (92/600)
  Segmentierung [####--------------------------]  15.5% (93/600)
  Segmentierung [####--------------------------]  15.7% (94/600)
  Segmentierung [####--------------------------]  15.8% (95/600)
  Segmentierung [####--------------------------]  16.0% (96/600)
  Segmentierung [####--------------------------]  16.2% (97/600)
  Segmentierung [####--------------------------]  16.3% (98/600)
  Segmentierung [####--------------------------]  16.5% (99/600)
  Segmentierung [#####-------------------------]  16.7% (100/600)
  Segmentierung [#####-------------------------]  16.8% (101/600)
  Segmentierung [#####-------------------------]  17.0% (102/600)
  Segmentierung [#####-------------------------]  17.2% (103/600)
  Segmentierung [#####-------------------------]  17.3% (104/600)
  Segmentierung [#####-------------------------]  17.5% (105/600)
  Segmentierung [#####-------------------------]  17.7% (106/600)
  Segmentierung [#####-------------------------]  17.8% (107/600)
  Segmentierung [#####-------------------------]  18.0% (108/600)
  Segmentierung [#####-------------------------]  18.2% (109/600)
  Segmentierung [#####-------------------------]  18.3% (110/600)
  Segmentierung [#####-------------------------]  18.5% (111/600)
  Segmentierung [#####-------------------------]  18.7% (112/600)
  Segmentierung [#####-------------------------]  18.8% (113/600)
  Segmentierung [#####-------------------------]  19.0% (114/600)
  Segmentierung [#####-------------------------]  19.2% (115/600)
  Segmentierung [#####-------------------------]  19.3% (116/600)
  Segmentierung [#####-------------------------]  19.5% (117/600)
  Segmentierung [#####-------------------------]  19.7% (118/600)
  Segmentierung [#####-------------------------]  19.8% (119/600)
  Segmentierung [######------------------------]  20.0% (120/600)
  Segmentierung [######------------------------]  20.2% (121/600)
  Segmentierung [######------------------------]  20.3% (122/600)
  Segmentierung [######------------------------]  20.5% (123/600)
  Segmentierung [######------------------------]  20.7% (124/600)
  Segmentierung [######------------------------]  20.8% (125/600)
  Segmentierung [######------------------------]  21.0% (126/600)
  Segmentierung [######------------------------]  21.2% (127/600)
  Segmentierung [######------------------------]  21.3% (128/600)
  Segmentierung [######------------------------]  21.5% (129/600)
  Segmentierung [######------------------------]  21.7% (130/600)
  Segmentierung [######------------------------]  21.8% (131/600)
  Segmentierung [######------------------------]  22.0% (132/600)
  Segmentierung [######------------------------]  22.2% (133/600)
  Segmentierung [######------------------------]  22.3% (134/600)
  Segmentierung [######------------------------]  22.5% (135/600)
  Segmentierung [######------------------------]  22.7% (136/600)
  Segmentierung [######------------------------]  22.8% (137/600)
  Segmentierung [######------------------------]  23.0% (138/600)
  Segmentierung [######------------------------]  23.2% (139/600)
  Segmentierung [#######-----------------------]  23.3% (140/600)
  Segmentierung [#######-----------------------]  23.5% (141/600)
  Segmentierung [#######-----------------------]  23.7% (142/600)
  Segmentierung [#######-----------------------]  23.8% (143/600)
  Segmentierung [#######-----------------------]  24.0% (144/600)
  Segmentierung [#######-----------------------]  24.2% (145/600)
  Segmentierung [#######-----------------------]  24.3% (146/600)
  Segmentierung [#######-----------------------]  24.5% (147/600)
  Segmentierung [#######-----------------------]  24.7% (148/600)
  Segmentierung [#######-----------------------]  24.8% (149/600)
  Segmentierung [#######-----------------------]  25.0% (150/600)
  Segmentierung [#######-----------------------]  25.2% (151/600)
  Segmentierung [#######-----------------------]  25.3% (152/600)
  Segmentierung [#######-----------------------]  25.5% (153/600)
  Segmentierung [#######-----------------------]  25.7% (154/600)
  Segmentierung [#######-----------------------]  25.8% (155/600)
  Segmentierung [#######-----------------------]  26.0% (156/600)
  Segmentierung [#######-----------------------]  26.2% (157/600)
  Segmentierung [#######-----------------------]  26.3% (158/600)
  Segmentierung [#######-----------------------]  26.5% (159/600)
  Segmentierung [########----------------------]  26.7% (160/600)
  Segmentierung [########----------------------]  26.8% (161/600)
  Segmentierung [########----------------------]  27.0% (162/600)
  Segmentierung [########----------------------]  27.2% (163/600)
  Segmentierung [########----------------------]  27.3% (164/600)
  Segmentierung [########----------------------]  27.5% (165/600)
  Segmentierung [########----------------------]  27.7% (166/600)
  Segmentierung [########----------------------]  27.8% (167/600)
  Segmentierung [########----------------------]  28.0% (168/600)
  Segmentierung [########----------------------]  28.2% (169/600)
  Segmentierung [########----------------------]  28.3% (170/600)
  Segmentierung [########----------------------]  28.5% (171/600)
  Segmentierung [########----------------------]  28.7% (172/600)
  Segmentierung [########----------------------]  28.8% (173/600)
  Segmentierung [########----------------------]  29.0% (174/600)
  Segmentierung [########----------------------]  29.2% (175/600)
  Segmentierung [########----------------------]  29.3% (176/600)
  Segmentierung [########----------------------]  29.5% (177/600)
  Segmentierung [########----------------------]  29.7% (178/600)
  Segmentierung [########----------------------]  29.8% (179/600)
  Segmentierung [#########---------------------]  30.0% (180/600)
  Segmentierung [#########---------------------]  30.2% (181/600)
  Segmentierung [#########---------------------]  30.3% (182/600)
  Segmentierung [#########---------------------]  30.5% (183/600)
  Segmentierung [#########---------------------]  30.7% (184/600)
  Segmentierung [#########---------------------]  30.8% (185/600)
  Segmentierung [#########---------------------]  31.0% (186/600)
  Segmentierung [#########---------------------]  31.2% (187/600)
  Segmentierung [#########---------------------]  31.3% (188/600)
  Segmentierung [#########---------------------]  31.5% (189/600)
  Segmentierung [#########---------------------]  31.7% (190/600)
  Segmentierung [#########---------------------]  31.8% (191/600)
  Segmentierung [#########---------------------]  32.0% (192/600)
  Segmentierung [#########---------------------]  32.2% (193/600)
  Segmentierung [#########---------------------]  32.3% (194/600)
  Segmentierung [#########---------------------]  32.5% (195/600)
  Segmentierung [#########---------------------]  32.7% (196/600)
  Segmentierung [#########---------------------]  32.8% (197/600)
  Segmentierung [#########---------------------]  33.0% (198/600)
  Segmentierung [#########---------------------]  33.2% (199/600)
  Segmentierung [##########--------------------]  33.3% (200/600)
  Segmentierung [##########--------------------]  33.5% (201/600)
  Segmentierung [##########--------------------]  33.7% (202/600)
  Segmentierung [##########--------------------]  33.8% (203/600)
  Segmentierung [##########--------------------]  34.0% (204/600)
  Segmentierung [##########--------------------]  34.2% (205/600)
  Segmentierung [##########--------------------]  34.3% (206/600)
  Segmentierung [##########--------------------]  34.5% (207/600)
  Segmentierung [##########--------------------]  34.7% (208/600)
  Segmentierung [##########--------------------]  34.8% (209/600)
  Segmentierung [##########--------------------]  35.0% (210/600)
  Segmentierung [##########--------------------]  35.2% (211/600)
  Segmentierung [##########--------------------]  35.3% (212/600)
  Segmentierung [##########--------------------]  35.5% (213/600)
  Segmentierung [##########--------------------]  35.7% (214/600)
  Segmentierung [##########--------------------]  35.8% (215/600)
  Segmentierung [##########--------------------]  36.0% (216/600)
  Segmentierung [##########--------------------]  36.2% (217/600)
  Segmentierung [##########--------------------]  36.3% (218/600)
  Segmentierung [##########--------------------]  36.5% (219/600)
  Segmentierung [###########-------------------]  36.7% (220/600)
  Segmentierung [###########-------------------]  36.8% (221/600)
  Segmentierung [###########-------------------]  37.0% (222/600)
  Segmentierung [###########-------------------]  37.2% (223/600)
  Segmentierung [###########-------------------]  37.3% (224/600)
  Segmentierung [###########-------------------]  37.5% (225/600)
  Segmentierung [###########-------------------]  37.7% (226/600)
  Segmentierung [###########-------------------]  37.8% (227/600)
  Segmentierung [###########-------------------]  38.0% (228/600)
  Segmentierung [###########-------------------]  38.2% (229/600)
  Segmentierung [###########-------------------]  38.3% (230/600)
  Segmentierung [###########-------------------]  38.5% (231/600)
  Segmentierung [###########-------------------]  38.7% (232/600)
  Segmentierung [###########-------------------]  38.8% (233/600)
  Segmentierung [###########-------------------]  39.0% (234/600)
  Segmentierung [###########-------------------]  39.2% (235/600)
  Segmentierung [###########-------------------]  39.3% (236/600)
  Segmentierung [###########-------------------]  39.5% (237/600)
  Segmentierung [###########-------------------]  39.7% (238/600)
  Segmentierung [###########-------------------]  39.8% (239/600)
  Segmentierung [############------------------]  40.0% (240/600)
  Segmentierung [############------------------]  40.2% (241/600)
  Segmentierung [############------------------]  40.3% (242/600)
  Segmentierung [############------------------]  40.5% (243/600)
  Segmentierung [############------------------]  40.7% (244/600)
  Segmentierung [############------------------]  40.8% (245/600)
  Segmentierung [############------------------]  41.0% (246/600)
  Segmentierung [############------------------]  41.2% (247/600)
  Segmentierung [############------------------]  41.3% (248/600)
  Segmentierung [############------------------]  41.5% (249/600)
  Segmentierung [############------------------]  41.7% (250/600)
  Segmentierung [############------------------]  41.8% (251/600)
  Segmentierung [############------------------]  42.0% (252/600)
  Segmentierung [############------------------]  42.2% (253/600)
  Segmentierung [############------------------]  42.3% (254/600)
  Segmentierung [############------------------]  42.5% (255/600)
  Segmentierung [############------------------]  42.7% (256/600)
  Segmentierung [############------------------]  42.8% (257/600)
  Segmentierung [############------------------]  43.0% (258/600)
  Segmentierung [############------------------]  43.2% (259/600)
  Segmentierung [#############-----------------]  43.3% (260/600)
  Segmentierung [#############-----------------]  43.5% (261/600)
  Segmentierung [#############-----------------]  43.7% (262/600)
  Segmentierung [#############-----------------]  43.8% (263/600)
  Segmentierung [#############-----------------]  44.0% (264/600)
  Segmentierung [#############-----------------]  44.2% (265/600)
  Segmentierung [#############-----------------]  44.3% (266/600)
  Segmentierung [#############-----------------]  44.5% (267/600)
  Segmentierung [#############-----------------]  44.7% (268/600)
  Segmentierung [#############-----------------]  44.8% (269/600)
  Segmentierung [#############-----------------]  45.0% (270/600)
  Segmentierung [#############-----------------]  45.2% (271/600)
  Segmentierung [#############-----------------]  45.3% (272/600)
  Segmentierung [#############-----------------]  45.5% (273/600)
  Segmentierung [#############-----------------]  45.7% (274/600)
  Segmentierung [#############-----------------]  45.8% (275/600)
  Segmentierung [#############-----------------]  46.0% (276/600)
  Segmentierung [#############-----------------]  46.2% (277/600)
  Segmentierung [#############-----------------]  46.3% (278/600)
  Segmentierung [#############-----------------]  46.5% (279/600)
  Segmentierung [##############----------------]  46.7% (280/600)
  Segmentierung [##############----------------]  46.8% (281/600)
  Segmentierung [##############----------------]  47.0% (282/600)
  Segmentierung [##############----------------]  47.2% (283/600)
  Segmentierung [##############----------------]  47.3% (284/600)
  Segmentierung [##############----------------]  47.5% (285/600)
  Segmentierung [##############----------------]  47.7% (286/600)
  Segmentierung [##############----------------]  47.8% (287/600)
  Segmentierung [##############----------------]  48.0% (288/600)
  Segmentierung [##############----------------]  48.2% (289/600)
  Segmentierung [##############----------------]  48.3% (290/600)
  Segmentierung [##############----------------]  48.5% (291/600)
  Segmentierung [##############----------------]  48.7% (292/600)
  Segmentierung [##############----------------]  48.8% (293/600)
  Segmentierung [##############----------------]  49.0% (294/600)
  Segmentierung [##############----------------]  49.2% (295/600)
  Segmentierung [##############----------------]  49.3% (296/600)
  Segmentierung [##############----------------]  49.5% (297/600)
  Segmentierung [##############----------------]  49.7% (298/600)
  Segmentierung [##############----------------]  49.8% (299/600)
  Segmentierung [###############---------------]  50.0% (300/600)
  Segmentierung [###############---------------]  50.2% (301/600)
  Segmentierung [###############---------------]  50.3% (302/600)
  Segmentierung [###############---------------]  50.5% (303/600)
  Segmentierung [###############---------------]  50.7% (304/600)
  Segmentierung [###############---------------]  50.8% (305/600)
  Segmentierung [###############---------------]  51.0% (306/600)
  Segmentierung [###############---------------]  51.2% (307/600)
  Segmentierung [###############---------------]  51.3% (308/600)
  Segmentierung [###############---------------]  51.5% (309/600)
  Segmentierung [###############---------------]  51.7% (310/600)
  Segmentierung [###############---------------]  51.8% (311/600)
  Segmentierung [###############---------------]  52.0% (312/600)
  Segmentierung [###############---------------]  52.2% (313/600)
  Segmentierung [###############---------------]  52.3% (314/600)
  Segmentierung [###############---------------]  52.5% (315/600)
  Segmentierung [###############---------------]  52.7% (316/600)
  Segmentierung [###############---------------]  52.8% (317/600)
  Segmentierung [###############---------------]  53.0% (318/600)
  Segmentierung [###############---------------]  53.2% (319/600)
  Segmentierung [################--------------]  53.3% (320/600)
  Segmentierung [################--------------]  53.5% (321/600)
  Segmentierung [################--------------]  53.7% (322/600)
  Segmentierung [################--------------]  53.8% (323/600)
  Segmentierung [################--------------]  54.0% (324/600)
  Segmentierung [################--------------]  54.2% (325/600)
  Segmentierung [################--------------]  54.3% (326/600)
  Segmentierung [################--------------]  54.5% (327/600)
  Segmentierung [################--------------]  54.7% (328/600)
  Segmentierung [################--------------]  54.8% (329/600)
  Segmentierung [################--------------]  55.0% (330/600)
  Segmentierung [################--------------]  55.2% (331/600)
  Segmentierung [################--------------]  55.3% (332/600)
  Segmentierung [################--------------]  55.5% (333/600)
  Segmentierung [################--------------]  55.7% (334/600)
  Segmentierung [################--------------]  55.8% (335/600)
  Segmentierung [################--------------]  56.0% (336/600)
  Segmentierung [################--------------]  56.2% (337/600)
  Segmentierung [################--------------]  56.3% (338/600)
  Segmentierung [################--------------]  56.5% (339/600)
  Segmentierung [#################-------------]  56.7% (340/600)
  Segmentierung [#################-------------]  56.8% (341/600)
  Segmentierung [#################-------------]  57.0% (342/600)
  Segmentierung [#################-------------]  57.2% (343/600)
  Segmentierung [#################-------------]  57.3% (344/600)
  Segmentierung [#################-------------]  57.5% (345/600)
  Segmentierung [#################-------------]  57.7% (346/600)
  Segmentierung [#################-------------]  57.8% (347/600)
  Segmentierung [#################-------------]  58.0% (348/600)
  Segmentierung [#################-------------]  58.2% (349/600)
  Segmentierung [#################-------------]  58.3% (350/600)
  Segmentierung [#################-------------]  58.5% (351/600)
  Segmentierung [#################-------------]  58.7% (352/600)
  Segmentierung [#################-------------]  58.8% (353/600)
  Segmentierung [#################-------------]  59.0% (354/600)
  Segmentierung [#################-------------]  59.2% (355/600)
  Segmentierung [#################-------------]  59.3% (356/600)
  Segmentierung [#################-------------]  59.5% (357/600)
  Segmentierung [#################-------------]  59.7% (358/600)
  Segmentierung [#################-------------]  59.8% (359/600)
  Segmentierung [##################------------]  60.0% (360/600)
  Segmentierung [##################------------]  60.2% (361/600)
  Segmentierung [##################------------]  60.3% (362/600)
  Segmentierung [##################------------]  60.5% (363/600)
  Segmentierung [##################------------]  60.7% (364/600)
  Segmentierung [##################------------]  60.8% (365/600)
  Segmentierung [##################------------]  61.0% (366/600)
  Segmentierung [##################------------]  61.2% (367/600)
  Segmentierung [##################------------]  61.3% (368/600)
  Segmentierung [##################------------]  61.5% (369/600)
  Segmentierung [##################------------]  61.7% (370/600)
  Segmentierung [##################------------]  61.8% (371/600)
  Segmentierung [##################------------]  62.0% (372/600)
  Segmentierung [##################------------]  62.2% (373/600)
  Segmentierung [##################------------]  62.3% (374/600)
  Segmentierung [##################------------]  62.5% (375/600)
  Segmentierung [##################------------]  62.7% (376/600)
  Segmentierung [##################------------]  62.8% (377/600)
  Segmentierung [##################------------]  63.0% (378/600)
  Segmentierung [##################------------]  63.2% (379/600)
  Segmentierung [###################-----------]  63.3% (380/600)
  Segmentierung [###################-----------]  63.5% (381/600)
  Segmentierung [###################-----------]  63.7% (382/600)
  Segmentierung [###################-----------]  63.8% (383/600)
  Segmentierung [###################-----------]  64.0% (384/600)
  Segmentierung [###################-----------]  64.2% (385/600)
  Segmentierung [###################-----------]  64.3% (386/600)
  Segmentierung [###################-----------]  64.5% (387/600)
  Segmentierung [###################-----------]  64.7% (388/600)
  Segmentierung [###################-----------]  64.8% (389/600)
  Segmentierung [###################-----------]  65.0% (390/600)
  Segmentierung [###################-----------]  65.2% (391/600)
  Segmentierung [###################-----------]  65.3% (392/600)
  Segmentierung [###################-----------]  65.5% (393/600)
  Segmentierung [###################-----------]  65.7% (394/600)
  Segmentierung [###################-----------]  65.8% (395/600)
  Segmentierung [###################-----------]  66.0% (396/600)
  Segmentierung [###################-----------]  66.2% (397/600)
  Segmentierung [###################-----------]  66.3% (398/600)
  Segmentierung [###################-----------]  66.5% (399/600)
  Segmentierung [####################----------]  66.7% (400/600)
  Segmentierung [####################----------]  66.8% (401/600)
  Segmentierung [####################----------]  67.0% (402/600)
  Segmentierung [####################----------]  67.2% (403/600)
  Segmentierung [####################----------]  67.3% (404/600)
  Segmentierung [####################----------]  67.5% (405/600)
  Segmentierung [####################----------]  67.7% (406/600)
  Segmentierung [####################----------]  67.8% (407/600)
  Segmentierung [####################----------]  68.0% (408/600)
  Segmentierung [####################----------]  68.2% (409/600)
  Segmentierung [####################----------]  68.3% (410/600)
  Segmentierung [####################----------]  68.5% (411/600)
  Segmentierung [####################----------]  68.7% (412/600)
  Segmentierung [####################----------]  68.8% (413/600)
  Segmentierung [####################----------]  69.0% (414/600)
  Segmentierung [####################----------]  69.2% (415/600)
  Segmentierung [####################----------]  69.3% (416/600)
  Segmentierung [####################----------]  69.5% (417/600)
  Segmentierung [####################----------]  69.7% (418/600)
  Segmentierung [####################----------]  69.8% (419/600)
  Segmentierung [#####################---------]  70.0% (420/600)
  Segmentierung [#####################---------]  70.2% (421/600)
  Segmentierung [#####################---------]  70.3% (422/600)
  Segmentierung [#####################---------]  70.5% (423/600)
  Segmentierung [#####################---------]  70.7% (424/600)
  Segmentierung [#####################---------]  70.8% (425/600)
  Segmentierung [#####################---------]  71.0% (426/600)
  Segmentierung [#####################---------]  71.2% (427/600)
  Segmentierung [#####################---------]  71.3% (428/600)
  Segmentierung [#####################---------]  71.5% (429/600)
  Segmentierung [#####################---------]  71.7% (430/600)
  Segmentierung [#####################---------]  71.8% (431/600)
  Segmentierung [#####################---------]  72.0% (432/600)
  Segmentierung [#####################---------]  72.2% (433/600)
  Segmentierung [#####################---------]  72.3% (434/600)
  Segmentierung [#####################---------]  72.5% (435/600)
  Segmentierung [#####################---------]  72.7% (436/600)
  Segmentierung [#####################---------]  72.8% (437/600)
  Segmentierung [#####################---------]  73.0% (438/600)
  Segmentierung [#####################---------]  73.2% (439/600)
  Segmentierung [######################--------]  73.3% (440/600)
  Segmentierung [######################--------]  73.5% (441/600)
  Segmentierung [######################--------]  73.7% (442/600)
  Segmentierung [######################--------]  73.8% (443/600)
  Segmentierung [######################--------]  74.0% (444/600)
  Segmentierung [######################--------]  74.2% (445/600)
  Segmentierung [######################--------]  74.3% (446/600)
  Segmentierung [######################--------]  74.5% (447/600)
  Segmentierung [######################--------]  74.7% (448/600)
  Segmentierung [######################--------]  74.8% (449/600)
  Segmentierung [######################--------]  75.0% (450/600)
  Segmentierung [######################--------]  75.2% (451/600)
  Segmentierung [######################--------]  75.3% (452/600)
  Segmentierung [######################--------]  75.5% (453/600)
  Segmentierung [######################--------]  75.7% (454/600)
  Segmentierung [######################--------]  75.8% (455/600)
  Segmentierung [######################--------]  76.0% (456/600)
  Segmentierung [######################--------]  76.2% (457/600)
  Segmentierung [######################--------]  76.3% (458/600)
  Segmentierung [######################--------]  76.5% (459/600)
  Segmentierung [#######################-------]  76.7% (460/600)
  Segmentierung [#######################-------]  76.8% (461/600)
  Segmentierung [#######################-------]  77.0% (462/600)
  Segmentierung [#######################-------]  77.2% (463/600)
  Segmentierung [#######################-------]  77.3% (464/600)
  Segmentierung [#######################-------]  77.5% (465/600)
  Segmentierung [#######################-------]  77.7% (466/600)
  Segmentierung [#######################-------]  77.8% (467/600)
  Segmentierung [#######################-------]  78.0% (468/600)
  Segmentierung [#######################-------]  78.2% (469/600)
  Segmentierung [#######################-------]  78.3% (470/600)
  Segmentierung [#######################-------]  78.5% (471/600)
  Segmentierung [#######################-------]  78.7% (472/600)
  Segmentierung [#######################-------]  78.8% (473/600)
  Segmentierung [#######################-------]  79.0% (474/600)
  Segmentierung [#######################-------]  79.2% (475/600)
  Segmentierung [#######################-------]  79.3% (476/600)
  Segmentierung [#######################-------]  79.5% (477/600)
  Segmentierung [#######################-------]  79.7% (478/600)
  Segmentierung [#######################-------]  79.8% (479/600)
  Segmentierung [########################------]  80.0% (480/600)
  Segmentierung [########################------]  80.2% (481/600)
  Segmentierung [########################------]  80.3% (482/600)
  Segmentierung [########################------]  80.5% (483/600)
  Segmentierung [########################------]  80.7% (484/600)
  Segmentierung [########################------]  80.8% (485/600)
  Segmentierung [########################------]  81.0% (486/600)
  Segmentierung [########################------]  81.2% (487/600)
  Segmentierung [########################------]  81.3% (488/600)
  Segmentierung [########################------]  81.5% (489/600)
  Segmentierung [########################------]  81.7% (490/600)
  Segmentierung [########################------]  81.8% (491/600)
  Segmentierung [########################------]  82.0% (492/600)
  Segmentierung [########################------]  82.2% (493/600)
  Segmentierung [########################------]  82.3% (494/600)
  Segmentierung [########################------]  82.5% (495/600)
  Segmentierung [########################------]  82.7% (496/600)
  Segmentierung [########################------]  82.8% (497/600)
  Segmentierung [########################------]  83.0% (498/600)
  Segmentierung [########################------]  83.2% (499/600)
  Segmentierung [#########################-----]  83.3% (500/600)
  Segmentierung [#########################-----]  83.5% (501/600)
  Segmentierung [#########################-----]  83.7% (502/600)
  Segmentierung [#########################-----]  83.8% (503/600)
  Segmentierung [#########################-----]  84.0% (504/600)
  Segmentierung [#########################-----]  84.2% (505/600)
  Segmentierung [#########################-----]  84.3% (506/600)
  Segmentierung [#########################-----]  84.5% (507/600)
  Segmentierung [#########################-----]  84.7% (508/600)
  Segmentierung [#########################-----]  84.8% (509/600)
  Segmentierung [#########################-----]  85.0% (510/600)
  Segmentierung [#########################-----]  85.2% (511/600)
  Segmentierung [#########################-----]  85.3% (512/600)
  Segmentierung [#########################-----]  85.5% (513/600)
  Segmentierung [#########################-----]  85.7% (514/600)
  Segmentierung [#########################-----]  85.8% (515/600)
  Segmentierung [#########################-----]  86.0% (516/600)
  Segmentierung [#########################-----]  86.2% (517/600)
  Segmentierung [#########################-----]  86.3% (518/600)
  Segmentierung [#########################-----]  86.5% (519/600)
  Segmentierung [##########################----]  86.7% (520/600)
  Segmentierung [##########################----]  86.8% (521/600)
  Segmentierung [##########################----]  87.0% (522/600)
  Segmentierung [##########################----]  87.2% (523/600)
  Segmentierung [##########################----]  87.3% (524/600)
  Segmentierung [##########################----]  87.5% (525/600)
  Segmentierung [##########################----]  87.7% (526/600)
  Segmentierung [##########################----]  87.8% (527/600)
  Segmentierung [##########################----]  88.0% (528/600)
  Segmentierung [##########################----]  88.2% (529/600)
  Segmentierung [##########################----]  88.3% (530/600)
  Segmentierung [##########################----]  88.5% (531/600)
  Segmentierung [##########################----]  88.7% (532/600)
  Segmentierung [##########################----]  88.8% (533/600)
  Segmentierung [##########################----]  89.0% (534/600)
  Segmentierung [##########################----]  89.2% (535/600)
  Segmentierung [##########################----]  89.3% (536/600)
  Segmentierung [##########################----]  89.5% (537/600)
  Segmentierung [##########################----]  89.7% (538/600)
  Segmentierung [##########################----]  89.8% (539/600)
  Segmentierung [###########################---]  90.0% (540/600)
  Segmentierung [###########################---]  90.2% (541/600)
  Segmentierung [###########################---]  90.3% (542/600)
  Segmentierung [###########################---]  90.5% (543/600)
  Segmentierung [###########################---]  90.7% (544/600)
  Segmentierung [###########################---]  90.8% (545/600)
  Segmentierung [###########################---]  91.0% (546/600)
  Segmentierung [###########################---]  91.2% (547/600)
  Segmentierung [###########################---]  91.3% (548/600)
  Segmentierung [###########################---]  91.5% (549/600)
  Segmentierung [###########################---]  91.7% (550/600)
  Segmentierung [###########################---]  91.8% (551/600)
  Segmentierung [###########################---]  92.0% (552/600)
  Segmentierung [###########################---]  92.2% (553/600)
  Segmentierung [###########################---]  92.3% (554/600)
  Segmentierung [###########################---]  92.5% (555/600)
  Segmentierung [###########################---]  92.7% (556/600)
  Segmentierung [###########################---]  92.8% (557/600)
  Segmentierung [###########################---]  93.0% (558/600)
  Segmentierung [###########################---]  93.2% (559/600)
  Segmentierung [############################--]  93.3% (560/600)
  Segmentierung [############################--]  93.5% (561/600)
  Segmentierung [############################--]  93.7% (562/600)
  Segmentierung [############################--]  93.8% (563/600)
  Segmentierung [############################--]  94.0% (564/600)
  Segmentierung [############################--]  94.2% (565/600)
  Segmentierung [############################--]  94.3% (566/600)
  Segmentierung [############################--]  94.5% (567/600)
  Segmentierung [############################--]  94.7% (568/600)
  Segmentierung [############################--]  94.8% (569/600)
  Segmentierung [############################--]  95.0% (570/600)
  Segmentierung [############################--]  95.2% (571/600)
  Segmentierung [############################--]  95.3% (572/600)
  Segmentierung [############################--]  95.5% (573/600)
  Segmentierung [############################--]  95.7% (574/600)
  Segmentierung [############################--]  95.8% (575/600)
  Segmentierung [############################--]  96.0% (576/600)
  Segmentierung [############################--]  96.2% (577/600)
  Segmentierung [############################--]  96.3% (578/600)
  Segmentierung [############################--]  96.5% (579/600)
  Segmentierung [#############################-]  96.7% (580/600)
  Segmentierung [#############################-]  96.8% (581/600)
  Segmentierung [#############################-]  97.0% (582/600)
  Segmentierung [#############################-]  97.2% (583/600)
  Segmentierung [#############################-]  97.3% (584/600)
  Segmentierung [#############################-]  97.5% (585/600)
  Segmentierung [#############################-]  97.7% (586/600)
  Segmentierung [#############################-]  97.8% (587/600)
  Segmentierung [#############################-]  98.0% (588/600)
  Segmentierung [#############################-]  98.2% (589/600)
  Segmentierung [#############################-]  98.3% (590/600)
  Segmentierung [#############################-]  98.5% (591/600)
  Segmentierung [#############################-]  98.7% (592/600)
  Segmentierung [#############################-]  98.8% (593/600)
  Segmentierung [#############################-]  99.0% (594/600)
  Segmentierung [#############################-]  99.2% (595/600)
  Segmentierung [#############################-]  99.3% (596/600)
  Segmentierung [#############################-]  99.5% (597/600)
  Segmentierung [#############################-]  99.7% (598/600)
  Segmentierung [#############################-]  99.8% (599/600)
  Segmentierung [##############################] 100.0% (600/600)
Segmentierung abgeschlossen.

Starte Sortierung und Symmetrie-Berechnung...
[Farbfehler] 000.JPG | Grund: Fleck: 620px | Ziel: Farbfehler/000.JPG
[Farbfehler] 001.JPG | Grund: Fleck: 1232px | Ziel: Farbfehler/001.JPG
[Farbfehler] 002.JPG | Grund: Fleck: 112px | Ziel: Farbfehler/002.JPG
[Farbfehler] 003.JPG | Grund: Fleck: 184px | Ziel: Farbfehler/003.JPG
[Farbfehler] 004.JPG | Grund: Fleck: 448px | Ziel: Farbfehler/004.JPG
[Farbfehler] 005.JPG | Grund: Fleck: 958px | Ziel: Farbfehler/005.JPG
[Farbfehler] 006.JPG | Grund: Fleck: 337px | Ziel: Farbfehler/006.JPG
[Farbfehler] 007.JPG | Grund: Fleck: 76px | Ziel: Farbfehler/007.JPG
[Farbfehler] 008.JPG | Grund: Fleck: 2079px | Ziel: Farbfehler/008.JPG
[Farbfehler] 009.JPG | Grund: Fleck: 423px | Ziel: Farbfehler/009.JPG
[Normal] 082_010.JPG | Grund: Symmetrie: 82/100 | Ziel: Normal/082_010.JPG
[Bruch] 011.JPG | Grund: Zu wenig L÷cher: 6 | Ziel: Bruch/011.JPG
[Normal] 077_012.JPG | Grund: Symmetrie: 77/100 | Ziel: Normal/077_012.JPG
[Normal] 000_013.JPG | Grund: Symmetrie: 0/100 | Ziel: Normal/000_013.JPG
[Bruch] 014.JPG | Grund: Zu wenig L÷cher: 6 | Ziel: Bruch/014.JPG
[Normal] 000_015.JPG | Grund: Symmetrie: 0/100 | Ziel: Normal/000_015.JPG
[Bruch] 016.JPG | Grund: Zu wenig L÷cher: 6 | Ziel: Bruch/016.JPG
[Normal] 072_017.JPG | Grund: Symmetrie: 72/100 | Ziel: Normal/072_017.JPG
[Bruch] 018.JPG | Grund: Zu wenig L÷cher: 6 | Ziel: Bruch/018.JPG
[Normal] 075_019.JPG | Grund: Symmetrie: 75/100 | Ziel: Normal/075_019.JPG
[Normal] 000_020.JPG | Grund: Symmetrie: 0/100 | Ziel: Normal/000_020.JPG
[Farbfehler] 021.JPG | Grund: Fleck: 235px | Ziel: Farbfehler/021.JPG
[Farbfehler] 022.JPG | Grund: Fleck: 102px | Ziel: Farbfehler/022.JPG
[Farbfehler] 023.JPG | Grund: Fleck: 186px | Ziel: Farbfehler/023.JPG
[Farbfehler] 024.JPG | Grund: Fleck: 116px | Ziel: Farbfehler/024.JPG
[Normal] 059_025.JPG | Grund: Symmetrie: 59/100 | Ziel: Normal/059_025.JPG
[Normal] 007_026.JPG | Grund: Symmetrie: 7/100 | Ziel: Normal/007_026.JPG
[Farbfehler] 027.JPG | Grund: Fleck: 138px | Ziel: Farbfehler/027.JPG
[Normal] 062_028.JPG | Grund: Symmetrie: 62/100 | Ziel: Normal/062_028.JPG
[Farbfehler] 029.JPG | Grund: Fleck: 305px | Ziel: Farbfehler/029.JPG
[Farbfehler] 030.JPG | Grund: Fleck: 133px | Ziel: Farbfehler/030.JPG
[Normal] 079_031.JPG | Grund: Symmetrie: 79/100 | Ziel: Normal/079_031.JPG
[Normal] 007_032.JPG | Grund: Symmetrie: 7/100 | Ziel: Normal/007_032.JPG
[Farbfehler] 033.JPG | Grund: Fleck: 64px | Ziel: Farbfehler/033.JPG
[Normal] 086_034.JPG | Grund: Symmetrie: 86/100 | Ziel: Normal/086_034.JPG
[Farbfehler] 035.JPG | Grund: Fleck: 130px | Ziel: Farbfehler/035.JPG
[Normal] 079_036.JPG | Grund: Symmetrie: 79/100 | Ziel: Normal/079_036.JPG
[Normal] 065_037.JPG | Grund: Symmetrie: 65/100 | Ziel: Normal/065_037.JPG
[Normal] 084_038.JPG | Grund: Symmetrie: 84/100 | Ziel: Normal/084_038.JPG
[Farbfehler] 039.JPG | Grund: Fleck: 100px | Ziel: Farbfehler/039.JPG
[Normal] 007_040.JPG | Grund: Symmetrie: 7/100 | Ziel: Normal/007_040.JPG
[Bruch] 041.JPG | Grund: Zu wenig L÷cher: 5 | Ziel: Bruch/041.JPG
[Bruch] 042.JPG | Grund: Zu wenig L÷cher: 6 | Ziel: Bruch/042.JPG
[Bruch] 043.JPG | Grund: Zu wenig L÷cher: 5 | Ziel: Bruch/043.JPG
[Rest] 044.JPG | Grund: Zu viele Fragmente: 9 | Ziel: Rest/044.JPG
[Bruch] 045.JPG | Grund: Zu wenig L÷cher: 4 | Ziel: Bruch/045.JPG
[Rest] 046.JPG | Grund: Fensterflõche: 3435 | Ziel: Rest/046.JPG
[Bruch] 047.JPG | Grund: Zu wenig L÷cher: 6 | Ziel: Bruch/047.JPG
[Rest] 048.JPG | Grund: Zu viele Fragmente: 8 | Ziel: Rest/048.JPG
[Normal] 067_049.JPG | Grund: Symmetrie: 67/100 | Ziel: Normal/067_049.JPG
[Rest] 050.JPG | Grund: Zu viele Fragmente: 9 | Ziel: Rest/050.JPG
[Bruch] 051.JPG | Grund: Zu wenig L÷cher: 5 | Ziel: Bruch/051.JPG
[Bruch] 052.JPG | Grund: Zu wenig L÷cher: 4 | Ziel: Bruch/052.JPG
[Bruch] 053.JPG | Grund: Zu wenig L÷cher: 5 | Ziel: Bruch/053.JPG
[Rest] 054.JPG | Grund: Fensterflõche: 3208 | Ziel: Rest/054.JPG
[Rest] 055.JPG | Grund: Fensterflõche: 3433 | Ziel: Rest/055.JPG
[Bruch] 056.JPG | Grund: Zu wenig L÷cher: 6 | Ziel: Bruch/056.JPG
[Rest] 057.JPG | Grund: Fensterflõche: 3598 | Ziel: Rest/057.JPG
[Bruch] 058.JPG | Grund: Zu wenig L÷cher: 5 | Ziel: Bruch/058.JPG
[Rest] 059.JPG | Grund: Zu viele Fragmente: 10 | Ziel: Rest/059.JPG
[Normal] 005_060.JPG | Grund: Symmetrie: 5/100 | Ziel: Normal/005_060.JPG
[Normal] 065_061.JPG | Grund: Symmetrie: 65/100 | Ziel: Normal/065_061.JPG
[Normal] 000_062.JPG | Grund: Symmetrie: 0/100 | Ziel: Normal/000_062.JPG
[Bruch] 063.JPG | Grund: Zu wenig L÷cher: 5 | Ziel: Bruch/063.JPG
[Bruch] 064.JPG | Grund: Zu wenig L÷cher: 5 | Ziel: Bruch/064.JPG
[Normal] 070_065.JPG | Grund: Symmetrie: 70/100 | Ziel: Normal/070_065.JPG
[Normal] 083_066.JPG | Grund: Symmetrie: 83/100 | Ziel: Normal/083_066.JPG
[Bruch] 067.JPG | Grund: Zu wenig L÷cher: 6 | Ziel: Bruch/067.JPG
[Bruch] 068.JPG | Grund: Zu wenig L÷cher: 5 | Ziel: Bruch/068.JPG
[Bruch] 069.JPG | Grund: Zu wenig L÷cher: 5 | Ziel: Bruch/069.JPG
[Bruch] 070.JPG | Grund: Zu wenig L÷cher: 5 | Ziel: Bruch/070.JPG
[Bruch] 071.JPG | Grund: Zu wenig L÷cher: 6 | Ziel: Bruch/071.JPG
[Bruch] 072.JPG | Grund: Zu wenig L÷cher: 5 | Ziel: Bruch/072.JPG
[Bruch] 073.JPG | Grund: Zu wenig L÷cher: 6 | Ziel: Bruch/073.JPG
[Bruch] 074.JPG | Grund: Zu wenig L÷cher: 5 | Ziel: Bruch/074.JPG
[Bruch] 075.JPG | Grund: Zu wenig L÷cher: 6 | Ziel: Bruch/075.JPG
[Normal] 068_076.JPG | Grund: Symmetrie: 68/100 | Ziel: Normal/068_076.JPG
[Bruch] 077.JPG | Grund: Zu wenig L÷cher: 6 | Ziel: Bruch/077.JPG
[Bruch] 078.JPG | Grund: Zu wenig L÷cher: 5 | Ziel: Bruch/078.JPG
[Normal] 000_079.JPG | Grund: Symmetrie: 0/100 | Ziel: Normal/000_079.JPG
[Farbfehler] 080.JPG | Grund: Fleck: 147px | Ziel: Farbfehler/080.JPG
[Farbfehler] 081.JPG | Grund: Fleck: 68px | Ziel: Farbfehler/081.JPG
[Farbfehler] 082.JPG | Grund: Fleck: 323px | Ziel: Farbfehler/082.JPG
[Farbfehler] 083.JPG | Grund: Fleck: 292px | Ziel: Farbfehler/083.JPG
[Farbfehler] 084.JPG | Grund: Fleck: 238px | Ziel: Farbfehler/084.JPG
[Farbfehler] 085.JPG | Grund: Fleck: 168px | Ziel: Farbfehler/085.JPG
[Farbfehler] 086.JPG | Grund: Fleck: 293px | Ziel: Farbfehler/086.JPG
[Normal] 065_087.JPG | Grund: Symmetrie: 65/100 | Ziel: Normal/065_087.JPG
[Farbfehler] 088.JPG | Grund: Fleck: 76px | Ziel: Farbfehler/088.JPG
[Farbfehler] 089.JPG | Grund: Fleck: 81px | Ziel: Farbfehler/089.JPG
[Normal] 079_090.JPG | Grund: Symmetrie: 79/100 | Ziel: Normal/079_090.JPG
[Normal] 007_091.JPG | Grund: Symmetrie: 7/100 | Ziel: Normal/007_091.JPG
[Normal] 086_092.JPG | Grund: Symmetrie: 86/100 | Ziel: Normal/086_092.JPG
[Normal] 088_093.JPG | Grund: Symmetrie: 88/100 | Ziel: Normal/088_093.JPG
[Normal] 086_094.JPG | Grund: Symmetrie: 86/100 | Ziel: Normal/086_094.JPG
[Normal] 095_095.JPG | Grund: Symmetrie: 95/100 | Ziel: Normal/095_095.JPG
[Farbfehler] 096.JPG | Grund: Fleck: 121px | Ziel: Farbfehler/096.JPG
[Normal] 085_097.JPG | Grund: Symmetrie: 85/100 | Ziel: Normal/085_097.JPG
[Normal] 082_098.JPG | Grund: Symmetrie: 82/100 | Ziel: Normal/082_098.JPG
[Normal] 078_099.JPG | Grund: Symmetrie: 78/100 | Ziel: Normal/078_099.JPG
[Normal] 076_000.JPG | Grund: Symmetrie: 76/100 | Ziel: Normal/076_000.JPG
[Normal] 079_001.JPG | Grund: Symmetrie: 79/100 | Ziel: Normal/079_001.JPG
[Normal] 000_002.JPG | Grund: Symmetrie: 0/100 | Ziel: Normal/000_002.JPG
[Farbfehler] 003.JPG | Grund: Fleck: 63px | Ziel: Farbfehler/003.JPG
[Normal] 069_004.JPG | Grund: Symmetrie: 69/100 | Ziel: Normal/069_004.JPG
[Farbfehler] 005.JPG | Grund: Fleck: 62px | Ziel: Farbfehler/005.JPG
[Normal] 082_006.JPG | Grund: Symmetrie: 82/100 | Ziel: Normal/082_006.JPG
[Normal] 092_007.JPG | Grund: Symmetrie: 92/100 | Ziel: Normal/092_007.JPG
[Normal] 005_008.JPG | Grund: Symmetrie: 5/100 | Ziel: Normal/005_008.JPG
[Normal] 001_009.JPG | Grund: Symmetrie: 1/100 | Ziel: Normal/001_009.JPG
[Normal] 002_010.JPG | Grund: Symmetrie: 2/100 | Ziel: Normal/002_010.JPG
[Normal] 078_011.JPG | Grund: Symmetrie: 78/100 | Ziel: Normal/078_011.JPG
[Normal] 079_012.JPG | Grund: Symmetrie: 79/100 | Ziel: Normal/079_012.JPG
[Normal] 076_013.JPG | Grund: Symmetrie: 76/100 | Ziel: Normal/076_013.JPG
[Normal] 080_014.JPG | Grund: Symmetrie: 80/100 | Ziel: Normal/080_014.JPG
[Normal] 070_015.JPG | Grund: Symmetrie: 70/100 | Ziel: Normal/070_015.JPG
[Normal] 003_016.JPG | Grund: Symmetrie: 3/100 | Ziel: Normal/003_016.JPG
[Normal] 086_017.JPG | Grund: Symmetrie: 86/100 | Ziel: Normal/086_017.JPG
[Normal] 077_018.JPG | Grund: Symmetrie: 77/100 | Ziel: Normal/077_018.JPG
[Normal] 072_019.JPG | Grund: Symmetrie: 72/100 | Ziel: Normal/072_019.JPG
[Normal] 071_020.JPG | Grund: Symmetrie: 71/100 | Ziel: Normal/071_020.JPG
[Normal] 063_021.JPG | Grund: Symmetrie: 63/100 | Ziel: Normal/063_021.JPG
[Normal] 089_022.JPG | Grund: Symmetrie: 89/100 | Ziel: Normal/089_022.JPG
[Farbfehler] 023.JPG | Grund: Fleck: 84px | Ziel: Farbfehler/023.JPG
[Normal] 070_024.JPG | Grund: Symmetrie: 70/100 | Ziel: Normal/070_024.JPG
[Normal] 077_025.JPG | Grund: Symmetrie: 77/100 | Ziel: Normal/077_025.JPG
[Normal] 077_026.JPG | Grund: Symmetrie: 77/100 | Ziel: Normal/077_026.JPG
[Normal] 077_027.JPG | Grund: Symmetrie: 77/100 | Ziel: Normal/077_027.JPG
[Normal] 081_028.JPG | Grund: Symmetrie: 81/100 | Ziel: Normal/081_028.JPG
[Normal] 076_029.JPG | Grund: Symmetrie: 76/100 | Ziel: Normal/076_029.JPG
[Normal] 068_030.JPG | Grund: Symmetrie: 68/100 | Ziel: Normal/068_030.JPG
[Normal] 005_031.JPG | Grund: Symmetrie: 5/100 | Ziel: Normal/005_031.JPG
[Normal] 071_032.JPG | Grund: Symmetrie: 71/100 | Ziel: Normal/071_032.JPG
[Normal] 071_033.JPG | Grund: Symmetrie: 71/100 | Ziel: Normal/071_033.JPG
[Normal] 068_034.JPG | Grund: Symmetrie: 68/100 | Ziel: Normal/068_034.JPG
[Normal] 004_035.JPG | Grund: Symmetrie: 4/100 | Ziel: Normal/004_035.JPG
[Normal] 058_036.JPG | Grund: Symmetrie: 58/100 | Ziel: Normal/058_036.JPG
[Normal] 069_037.JPG | Grund: Symmetrie: 69/100 | Ziel: Normal/069_037.JPG
[Normal] 070_038.JPG | Grund: Symmetrie: 70/100 | Ziel: Normal/070_038.JPG
[Normal] 089_039.JPG | Grund: Symmetrie: 89/100 | Ziel: Normal/089_039.JPG
[Normal] 082_040.JPG | Grund: Symmetrie: 82/100 | Ziel: Normal/082_040.JPG
[Normal] 080_041.JPG | Grund: Symmetrie: 80/100 | Ziel: Normal/080_041.JPG
[Normal] 072_042.JPG | Grund: Symmetrie: 72/100 | Ziel: Normal/072_042.JPG
[Normal] 000_043.JPG | Grund: Symmetrie: 0/100 | Ziel: Normal/000_043.JPG
[Normal] 004_044.JPG | Grund: Symmetrie: 4/100 | Ziel: Normal/004_044.JPG
[Normal] 093_045.JPG | Grund: Symmetrie: 93/100 | Ziel: Normal/093_045.JPG
[Normal] 068_046.JPG | Grund: Symmetrie: 68/100 | Ziel: Normal/068_046.JPG
[Normal] 062_047.JPG | Grund: Symmetrie: 62/100 | Ziel: Normal/062_047.JPG
[Normal] 082_048.JPG | Grund: Symmetrie: 82/100 | Ziel: Normal/082_048.JPG
[Normal] 081_049.JPG | Grund: Symmetrie: 81/100 | Ziel: Normal/081_049.JPG
[Farbfehler] 050.JPG | Grund: Fleck: 112px | Ziel: Farbfehler/050.JPG
[Normal] 071_051.JPG | Grund: Symmetrie: 71/100 | Ziel: Normal/071_051.JPG
[Normal] 091_052.JPG | Grund: Symmetrie: 91/100 | Ziel: Normal/091_052.JPG
[Normal] 084_053.JPG | Grund: Symmetrie: 84/100 | Ziel: Normal/084_053.JPG
[Normal] 086_054.JPG | Grund: Symmetrie: 86/100 | Ziel: Normal/086_054.JPG
[Normal] 001_055.JPG | Grund: Symmetrie: 1/100 | Ziel: Normal/001_055.JPG
[Normal] 079_056.JPG | Grund: Symmetrie: 79/100 | Ziel: Normal/079_056.JPG
[Normal] 082_057.JPG | Grund: Symmetrie: 82/100 | Ziel: Normal/082_057.JPG
[Normal] 008_058.JPG | Grund: Symmetrie: 8/100 | Ziel: Normal/008_058.JPG
[Normal] 000_059.JPG | Grund: Symmetrie: 0/100 | Ziel: Normal/000_059.JPG
[Normal] 081_060.JPG | Grund: Symmetrie: 81/100 | Ziel: Normal/081_060.JPG
[Normal] 073_061.JPG | Grund: Symmetrie: 73/100 | Ziel: Normal/073_061.JPG
[Normal] 004_062.JPG | Grund: Symmetrie: 4/100 | Ziel: Normal/004_062.JPG
[Normal] 083_063.JPG | Grund: Symmetrie: 83/100 | Ziel: Normal/083_063.JPG
[Normal] 068_064.JPG | Grund: Symmetrie: 68/100 | Ziel: Normal/068_064.JPG
[Normal] 075_065.JPG | Grund: Symmetrie: 75/100 | Ziel: Normal/075_065.JPG
[Normal] 089_066.JPG | Grund: Symmetrie: 89/100 | Ziel: Normal/089_066.JPG
[Normal] 074_067.JPG | Grund: Symmetrie: 74/100 | Ziel: Normal/074_067.JPG
[Normal] 085_068.JPG | Grund: Symmetrie: 85/100 | Ziel: Normal/085_068.JPG
[Normal] 079_069.JPG | Grund: Symmetrie: 79/100 | Ziel: Normal/079_069.JPG
[Normal] 075_070.JPG | Grund: Symmetrie: 75/100 | Ziel: Normal/075_070.JPG
[Farbfehler] 071.JPG | Grund: Fleck: 68px | Ziel: Farbfehler/071.JPG
[Normal] 075_072.JPG | Grund: Symmetrie: 75/100 | Ziel: Normal/075_072.JPG
[Normal] 080_073.JPG | Grund: Symmetrie: 80/100 | Ziel: Normal/080_073.JPG
[Normal] 091_074.JPG | Grund: Symmetrie: 91/100 | Ziel: Normal/091_074.JPG
[Normal] 080_075.JPG | Grund: Symmetrie: 80/100 | Ziel: Normal/080_075.JPG
[Normal] 074_076.JPG | Grund: Symmetrie: 74/100 | Ziel: Normal/074_076.JPG
[Normal] 003_077.JPG | Grund: Symmetrie: 3/100 | Ziel: Normal/003_077.JPG
[Normal] 086_078.JPG | Grund: Symmetrie: 86/100 | Ziel: Normal/086_078.JPG
[Normal] 001_079.JPG | Grund: Symmetrie: 1/100 | Ziel: Normal/001_079.JPG
[Normal] 074_080.JPG | Grund: Symmetrie: 74/100 | Ziel: Normal/074_080.JPG
[Farbfehler] 081.JPG | Grund: Fleck: 100px | Ziel: Farbfehler/081.JPG
[Normal] 085_082.JPG | Grund: Symmetrie: 85/100 | Ziel: Normal/085_082.JPG
[Normal] 001_083.JPG | Grund: Symmetrie: 1/100 | Ziel: Normal/001_083.JPG
[Normal] 000_084.JPG | Grund: Symmetrie: 0/100 | Ziel: Normal/000_084.JPG
[Normal] 071_085.JPG | Grund: Symmetrie: 71/100 | Ziel: Normal/071_085.JPG
[Normal] 069_086.JPG | Grund: Symmetrie: 69/100 | Ziel: Normal/069_086.JPG
[Normal] 086_087.JPG | Grund: Symmetrie: 86/100 | Ziel: Normal/086_087.JPG
[Normal] 001_088.JPG | Grund: Symmetrie: 1/100 | Ziel: Normal/001_088.JPG
[Normal] 075_089.JPG | Grund: Symmetrie: 75/100 | Ziel: Normal/075_089.JPG
[Normal] 078_090.JPG | Grund: Symmetrie: 78/100 | Ziel: Normal/078_090.JPG
[Normal] 075_091.JPG | Grund: Symmetrie: 75/100 | Ziel: Normal/075_091.JPG
[Normal] 083_092.JPG | Grund: Symmetrie: 83/100 | Ziel: Normal/083_092.JPG
[Normal] 084_093.JPG | Grund: Symmetrie: 84/100 | Ziel: Normal/084_093.JPG
[Normal] 005_094.JPG | Grund: Symmetrie: 5/100 | Ziel: Normal/005_094.JPG
[Normal] 000_095.JPG | Grund: Symmetrie: 0/100 | Ziel: Normal/000_095.JPG
[Normal] 069_096.JPG | Grund: Symmetrie: 69/100 | Ziel: Normal/069_096.JPG
[Normal] 077_097.JPG | Grund: Symmetrie: 77/100 | Ziel: Normal/077_097.JPG
[Normal] 080_098.JPG | Grund: Symmetrie: 80/100 | Ziel: Normal/080_098.JPG
[Normal] 088_099.JPG | Grund: Symmetrie: 88/100 | Ziel: Normal/088_099.JPG
[Normal] 081_100.JPG | Grund: Symmetrie: 81/100 | Ziel: Normal/081_100.JPG
[Normal] 069_101.JPG | Grund: Symmetrie: 69/100 | Ziel: Normal/069_101.JPG
[Normal] 078_102.JPG | Grund: Symmetrie: 78/100 | Ziel: Normal/078_102.JPG
[Normal] 073_103.JPG | Grund: Symmetrie: 73/100 | Ziel: Normal/073_103.JPG
[Normal] 087_104.JPG | Grund: Symmetrie: 87/100 | Ziel: Normal/087_104.JPG
[Normal] 081_105.JPG | Grund: Symmetrie: 81/100 | Ziel: Normal/081_105.JPG
[Normal] 088_106.JPG | Grund: Symmetrie: 88/100 | Ziel: Normal/088_106.JPG
[Normal] 075_107.JPG | Grund: Symmetrie: 75/100 | Ziel: Normal/075_107.JPG
[Normal] 075_108.JPG | Grund: Symmetrie: 75/100 | Ziel: Normal/075_108.JPG
[Normal] 077_109.JPG | Grund: Symmetrie: 77/100 | Ziel: Normal/077_109.JPG
[Normal] 002_110.JPG | Grund: Symmetrie: 2/100 | Ziel: Normal/002_110.JPG
[Normal] 002_111.JPG | Grund: Symmetrie: 2/100 | Ziel: Normal/002_111.JPG
[Normal] 082_112.JPG | Grund: Symmetrie: 82/100 | Ziel: Normal/082_112.JPG
[Normal] 076_113.JPG | Grund: Symmetrie: 76/100 | Ziel: Normal/076_113.JPG
[Normal] 066_114.JPG | Grund: Symmetrie: 66/100 | Ziel: Normal/066_114.JPG
[Normal] 081_115.JPG | Grund: Symmetrie: 81/100 | Ziel: Normal/081_115.JPG
[Normal] 087_116.JPG | Grund: Symmetrie: 87/100 | Ziel: Normal/087_116.JPG
[Farbfehler] 117.JPG | Grund: Fleck: 66px | Ziel: Farbfehler/117.JPG
[Normal] 067_118.JPG | Grund: Symmetrie: 67/100 | Ziel: Normal/067_118.JPG
[Normal] 003_119.JPG | Grund: Symmetrie: 3/100 | Ziel: Normal/003_119.JPG
[Normal] 070_120.JPG | Grund: Symmetrie: 70/100 | Ziel: Normal/070_120.JPG
[Normal] 084_121.JPG | Grund: Symmetrie: 84/100 | Ziel: Normal/084_121.JPG
[Normal] 069_122.JPG | Grund: Symmetrie: 69/100 | Ziel: Normal/069_122.JPG
[Normal] 002_123.JPG | Grund: Symmetrie: 2/100 | Ziel: Normal/002_123.JPG
[Normal] 075_124.JPG | Grund: Symmetrie: 75/100 | Ziel: Normal/075_124.JPG
[Normal] 074_125.JPG | Grund: Symmetrie: 74/100 | Ziel: Normal/074_125.JPG
[Normal] 004_126.JPG | Grund: Symmetrie: 4/100 | Ziel: Normal/004_126.JPG
[Normal] 091_127.JPG | Grund: Symmetrie: 91/100 | Ziel: Normal/091_127.JPG
[Normal] 000_128.JPG | Grund: Symmetrie: 0/100 | Ziel: Normal/000_128.JPG
[Normal] 076_129.JPG | Grund: Symmetrie: 76/100 | Ziel: Normal/076_129.JPG
[Normal] 007_130.JPG | Grund: Symmetrie: 7/100 | Ziel: Normal/007_130.JPG
[Normal] 087_131.JPG | Grund: Symmetrie: 87/100 | Ziel: Normal/087_131.JPG
[Normal] 086_132.JPG | Grund: Symmetrie: 86/100 | Ziel: Normal/086_132.JPG
[Normal] 088_133.JPG | Grund: Symmetrie: 88/100 | Ziel: Normal/088_133.JPG
[Normal] 070_134.JPG | Grund: Symmetrie: 70/100 | Ziel: Normal/070_134.JPG
[Normal] 001_135.JPG | Grund: Symmetrie: 1/100 | Ziel: Normal/001_135.JPG
[Normal] 085_136.JPG | Grund: Symmetrie: 85/100 | Ziel: Normal/085_136.JPG
[Normal] 082_137.JPG | Grund: Symmetrie: 82/100 | Ziel: Normal/082_137.JPG
[Normal] 080_138.JPG | Grund: Symmetrie: 80/100 | Ziel: Normal/080_138.JPG
[Normal] 075_139.JPG | Grund: Symmetrie: 75/100 | Ziel: Normal/075_139.JPG
[Normal] 004_140.JPG | Grund: Symmetrie: 4/100 | Ziel: Normal/004_140.JPG
[Normal] 073_141.JPG | Grund: Symmetrie: 73/100 | Ziel: Normal/073_141.JPG
[Normal] 086_142.JPG | Grund: Symmetrie: 86/100 | Ziel: Normal/086_142.JPG
[Normal] 094_143.JPG | Grund: Symmetrie: 94/100 | Ziel: Normal/094_143.JPG
[Normal] 075_144.JPG | Grund: Symmetrie: 75/100 | Ziel: Normal/075_144.JPG
[Normal] 000_145.JPG | Grund: Symmetrie: 0/100 | Ziel: Normal/000_145.JPG
[Farbfehler] 146.JPG | Grund: Fleck: 128px | Ziel: Farbfehler/146.JPG
[Normal] 080_147.JPG | Grund: Symmetrie: 80/100 | Ziel: Normal/080_147.JPG
[Normal] 074_148.JPG | Grund: Symmetrie: 74/100 | Ziel: Normal/074_148.JPG
[Normal] 086_149.JPG | Grund: Symmetrie: 86/100 | Ziel: Normal/086_149.JPG
[Normal] 089_150.JPG | Grund: Symmetrie: 89/100 | Ziel: Normal/089_150.JPG
[Normal] 082_151.JPG | Grund: Symmetrie: 82/100 | Ziel: Normal/082_151.JPG
[Normal] 076_152.JPG | Grund: Symmetrie: 76/100 | Ziel: Normal/076_152.JPG
[Normal] 087_153.JPG | Grund: Symmetrie: 87/100 | Ziel: Normal/087_153.JPG
[Normal] 007_154.JPG | Grund: Symmetrie: 7/100 | Ziel: Normal/007_154.JPG
[Normal] 077_155.JPG | Grund: Symmetrie: 77/100 | Ziel: Normal/077_155.JPG
[Normal] 082_156.JPG | Grund: Symmetrie: 82/100 | Ziel: Normal/082_156.JPG
[Normal] 079_157.JPG | Grund: Symmetrie: 79/100 | Ziel: Normal/079_157.JPG
[Normal] 075_158.JPG | Grund: Symmetrie: 75/100 | Ziel: Normal/075_158.JPG
[Normal] 085_159.JPG | Grund: Symmetrie: 85/100 | Ziel: Normal/085_159.JPG
[Normal] 080_160.JPG | Grund: Symmetrie: 80/100 | Ziel: Normal/080_160.JPG
[Normal] 004_161.JPG | Grund: Symmetrie: 4/100 | Ziel: Normal/004_161.JPG
[Normal] 076_162.JPG | Grund: Symmetrie: 76/100 | Ziel: Normal/076_162.JPG
[Normal] 075_163.JPG | Grund: Symmetrie: 75/100 | Ziel: Normal/075_163.JPG
[Farbfehler] 164.JPG | Grund: Fleck: 63px | Ziel: Farbfehler/164.JPG
[Normal] 079_165.JPG | Grund: Symmetrie: 79/100 | Ziel: Normal/079_165.JPG
[Normal] 086_166.JPG | Grund: Symmetrie: 86/100 | Ziel: Normal/086_166.JPG
[Normal] 072_167.JPG | Grund: Symmetrie: 72/100 | Ziel: Normal/072_167.JPG
[Normal] 006_168.JPG | Grund: Symmetrie: 6/100 | Ziel: Normal/006_168.JPG
[Normal] 070_169.JPG | Grund: Symmetrie: 70/100 | Ziel: Normal/070_169.JPG
[Normal] 068_170.JPG | Grund: Symmetrie: 68/100 | Ziel: Normal/068_170.JPG
[Normal] 004_171.JPG | Grund: Symmetrie: 4/100 | Ziel: Normal/004_171.JPG
[Normal] 072_172.JPG | Grund: Symmetrie: 72/100 | Ziel: Normal/072_172.JPG
[Normal] 086_173.JPG | Grund: Symmetrie: 86/100 | Ziel: Normal/086_173.JPG
[Normal] 066_174.JPG | Grund: Symmetrie: 66/100 | Ziel: Normal/066_174.JPG
[Normal] 093_175.JPG | Grund: Symmetrie: 93/100 | Ziel: Normal/093_175.JPG
[Normal] 083_176.JPG | Grund: Symmetrie: 83/100 | Ziel: Normal/083_176.JPG
[Normal] 000_177.JPG | Grund: Symmetrie: 0/100 | Ziel: Normal/000_177.JPG
[Normal] 075_178.JPG | Grund: Symmetrie: 75/100 | Ziel: Normal/075_178.JPG
[Farbfehler] 179.JPG | Grund: Fleck: 136px | Ziel: Farbfehler/179.JPG
[Normal] 002_180.JPG | Grund: Symmetrie: 2/100 | Ziel: Normal/002_180.JPG
[Normal] 064_181.JPG | Grund: Symmetrie: 64/100 | Ziel: Normal/064_181.JPG
[Normal] 068_182.JPG | Grund: Symmetrie: 68/100 | Ziel: Normal/068_182.JPG
[Farbfehler] 183.JPG | Grund: Fleck: 61px | Ziel: Farbfehler/183.JPG
[Normal] 085_184.JPG | Grund: Symmetrie: 85/100 | Ziel: Normal/085_184.JPG
[Normal] 006_185.JPG | Grund: Symmetrie: 6/100 | Ziel: Normal/006_185.JPG
[Normal] 077_186.JPG | Grund: Symmetrie: 77/100 | Ziel: Normal/077_186.JPG
[Normal] 074_187.JPG | Grund: Symmetrie: 74/100 | Ziel: Normal/074_187.JPG
[Normal] 002_188.JPG | Grund: Symmetrie: 2/100 | Ziel: Normal/002_188.JPG
[Normal] 081_189.JPG | Grund: Symmetrie: 81/100 | Ziel: Normal/081_189.JPG
[Normal] 079_190.JPG | Grund: Symmetrie: 79/100 | Ziel: Normal/079_190.JPG
[Normal] 082_191.JPG | Grund: Symmetrie: 82/100 | Ziel: Normal/082_191.JPG
[Normal] 004_192.JPG | Grund: Symmetrie: 4/100 | Ziel: Normal/004_192.JPG
[Normal] 074_193.JPG | Grund: Symmetrie: 74/100 | Ziel: Normal/074_193.JPG
[Normal] 083_194.JPG | Grund: Symmetrie: 83/100 | Ziel: Normal/083_194.JPG
[Normal] 004_195.JPG | Grund: Symmetrie: 4/100 | Ziel: Normal/004_195.JPG
[Normal] 000_196.JPG | Grund: Symmetrie: 0/100 | Ziel: Normal/000_196.JPG
[Normal] 001_197.JPG | Grund: Symmetrie: 1/100 | Ziel: Normal/001_197.JPG
[Normal] 001_198.JPG | Grund: Symmetrie: 1/100 | Ziel: Normal/001_198.JPG
[Normal] 086_199.JPG | Grund: Symmetrie: 86/100 | Ziel: Normal/086_199.JPG
[Normal] 084_200.JPG | Grund: Symmetrie: 84/100 | Ziel: Normal/084_200.JPG
[Normal] 084_201.JPG | Grund: Symmetrie: 84/100 | Ziel: Normal/084_201.JPG
[Normal] 081_202.JPG | Grund: Symmetrie: 81/100 | Ziel: Normal/081_202.JPG
[Normal] 000_203.JPG | Grund: Symmetrie: 0/100 | Ziel: Normal/000_203.JPG
[Normal] 078_204.JPG | Grund: Symmetrie: 78/100 | Ziel: Normal/078_204.JPG
[Normal] 077_205.JPG | Grund: Symmetrie: 77/100 | Ziel: Normal/077_205.JPG
[Normal] 000_206.JPG | Grund: Symmetrie: 0/100 | Ziel: Normal/000_206.JPG
[Normal] 077_207.JPG | Grund: Symmetrie: 77/100 | Ziel: Normal/077_207.JPG
[Normal] 084_208.JPG | Grund: Symmetrie: 84/100 | Ziel: Normal/084_208.JPG
[Normal] 080_209.JPG | Grund: Symmetrie: 80/100 | Ziel: Normal/080_209.JPG
[Normal] 076_210.JPG | Grund: Symmetrie: 76/100 | Ziel: Normal/076_210.JPG
[Farbfehler] 211.JPG | Grund: Fleck: 95px | Ziel: Farbfehler/211.JPG
[Normal] 004_212.JPG | Grund: Symmetrie: 4/100 | Ziel: Normal/004_212.JPG
[Normal] 087_213.JPG | Grund: Symmetrie: 87/100 | Ziel: Normal/087_213.JPG
[Normal] 080_214.JPG | Grund: Symmetrie: 80/100 | Ziel: Normal/080_214.JPG
[Normal] 078_215.JPG | Grund: Symmetrie: 78/100 | Ziel: Normal/078_215.JPG
[Normal] 074_216.JPG | Grund: Symmetrie: 74/100 | Ziel: Normal/074_216.JPG
[Normal] 004_217.JPG | Grund: Symmetrie: 4/100 | Ziel: Normal/004_217.JPG
[Normal] 004_218.JPG | Grund: Symmetrie: 4/100 | Ziel: Normal/004_218.JPG
[Normal] 065_219.JPG | Grund: Symmetrie: 65/100 | Ziel: Normal/065_219.JPG
[Normal] 077_220.JPG | Grund: Symmetrie: 77/100 | Ziel: Normal/077_220.JPG
[Normal] 075_221.JPG | Grund: Symmetrie: 75/100 | Ziel: Normal/075_221.JPG
[Normal] 004_222.JPG | Grund: Symmetrie: 4/100 | Ziel: Normal/004_222.JPG
[Normal] 081_223.JPG | Grund: Symmetrie: 81/100 | Ziel: Normal/081_223.JPG
[Normal] 080_224.JPG | Grund: Symmetrie: 80/100 | Ziel: Normal/080_224.JPG
[Normal] 075_225.JPG | Grund: Symmetrie: 75/100 | Ziel: Normal/075_225.JPG
[Normal] 076_226.JPG | Grund: Symmetrie: 76/100 | Ziel: Normal/076_226.JPG
[Normal] 074_227.JPG | Grund: Symmetrie: 74/100 | Ziel: Normal/074_227.JPG
[Normal] 084_228.JPG | Grund: Symmetrie: 84/100 | Ziel: Normal/084_228.JPG
[Normal] 007_229.JPG | Grund: Symmetrie: 7/100 | Ziel: Normal/007_229.JPG
[Normal] 079_230.JPG | Grund: Symmetrie: 79/100 | Ziel: Normal/079_230.JPG
[Farbfehler] 231.JPG | Grund: Fleck: 61px | Ziel: Farbfehler/231.JPG
[Normal] 084_232.JPG | Grund: Symmetrie: 84/100 | Ziel: Normal/084_232.JPG
[Normal] 075_233.JPG | Grund: Symmetrie: 75/100 | Ziel: Normal/075_233.JPG
[Normal] 001_234.JPG | Grund: Symmetrie: 1/100 | Ziel: Normal/001_234.JPG
[Normal] 078_235.JPG | Grund: Symmetrie: 78/100 | Ziel: Normal/078_235.JPG
[Normal] 071_236.JPG | Grund: Symmetrie: 71/100 | Ziel: Normal/071_236.JPG
[Normal] 081_237.JPG | Grund: Symmetrie: 81/100 | Ziel: Normal/081_237.JPG
[Normal] 079_238.JPG | Grund: Symmetrie: 79/100 | Ziel: Normal/079_238.JPG
[Normal] 080_239.JPG | Grund: Symmetrie: 80/100 | Ziel: Normal/080_239.JPG
[Normal] 004_240.JPG | Grund: Symmetrie: 4/100 | Ziel: Normal/004_240.JPG
[Normal] 070_241.JPG | Grund: Symmetrie: 70/100 | Ziel: Normal/070_241.JPG
[Normal] 082_242.JPG | Grund: Symmetrie: 82/100 | Ziel: Normal/082_242.JPG
[Normal] 075_243.JPG | Grund: Symmetrie: 75/100 | Ziel: Normal/075_243.JPG
[Normal] 090_244.JPG | Grund: Symmetrie: 90/100 | Ziel: Normal/090_244.JPG
[Normal] 063_245.JPG | Grund: Symmetrie: 63/100 | Ziel: Normal/063_245.JPG
[Normal] 074_246.JPG | Grund: Symmetrie: 74/100 | Ziel: Normal/074_246.JPG
[Normal] 009_247.JPG | Grund: Symmetrie: 9/100 | Ziel: Normal/009_247.JPG
[Normal] 004_248.JPG | Grund: Symmetrie: 4/100 | Ziel: Normal/004_248.JPG
[Normal] 074_249.JPG | Grund: Symmetrie: 74/100 | Ziel: Normal/074_249.JPG
[Normal] 074_250.JPG | Grund: Symmetrie: 74/100 | Ziel: Normal/074_250.JPG
[Farbfehler] 251.JPG | Grund: Fleck: 267px | Ziel: Farbfehler/251.JPG
[Normal] 084_252.JPG | Grund: Symmetrie: 84/100 | Ziel: Normal/084_252.JPG
[Farbfehler] 253.JPG | Grund: Fleck: 76px | Ziel: Farbfehler/253.JPG
[Normal] 006_254.JPG | Grund: Symmetrie: 6/100 | Ziel: Normal/006_254.JPG
[Normal] 087_255.JPG | Grund: Symmetrie: 87/100 | Ziel: Normal/087_255.JPG
[Normal] 004_256.JPG | Grund: Symmetrie: 4/100 | Ziel: Normal/004_256.JPG
[Normal] 060_257.JPG | Grund: Symmetrie: 60/100 | Ziel: Normal/060_257.JPG
[Normal] 085_258.JPG | Grund: Symmetrie: 85/100 | Ziel: Normal/085_258.JPG
[Normal] 008_259.JPG | Grund: Symmetrie: 8/100 | Ziel: Normal/008_259.JPG
[Normal] 000_260.JPG | Grund: Symmetrie: 0/100 | Ziel: Normal/000_260.JPG
[Normal] 003_261.JPG | Grund: Symmetrie: 3/100 | Ziel: Normal/003_261.JPG
[Normal] 066_262.JPG | Grund: Symmetrie: 66/100 | Ziel: Normal/066_262.JPG
[Normal] 078_263.JPG | Grund: Symmetrie: 78/100 | Ziel: Normal/078_263.JPG
[Normal] 081_264.JPG | Grund: Symmetrie: 81/100 | Ziel: Normal/081_264.JPG
[Normal] 090_265.JPG | Grund: Symmetrie: 90/100 | Ziel: Normal/090_265.JPG
[Normal] 083_266.JPG | Grund: Symmetrie: 83/100 | Ziel: Normal/083_266.JPG
[Normal] 004_267.JPG | Grund: Symmetrie: 4/100 | Ziel: Normal/004_267.JPG
[Normal] 000_268.JPG | Grund: Symmetrie: 0/100 | Ziel: Normal/000_268.JPG
[Normal] 000_269.JPG | Grund: Symmetrie: 0/100 | Ziel: Normal/000_269.JPG
[Normal] 080_270.JPG | Grund: Symmetrie: 80/100 | Ziel: Normal/080_270.JPG
[Normal] 078_271.JPG | Grund: Symmetrie: 78/100 | Ziel: Normal/078_271.JPG
[Normal] 004_272.JPG | Grund: Symmetrie: 4/100 | Ziel: Normal/004_272.JPG
[Normal] 064_273.JPG | Grund: Symmetrie: 64/100 | Ziel: Normal/064_273.JPG
[Normal] 085_274.JPG | Grund: Symmetrie: 85/100 | Ziel: Normal/085_274.JPG
[Normal] 073_275.JPG | Grund: Symmetrie: 73/100 | Ziel: Normal/073_275.JPG
[Normal] 090_276.JPG | Grund: Symmetrie: 90/100 | Ziel: Normal/090_276.JPG
[Normal] 009_277.JPG | Grund: Symmetrie: 9/100 | Ziel: Normal/009_277.JPG
[Normal] 008_278.JPG | Grund: Symmetrie: 8/100 | Ziel: Normal/008_278.JPG
[Normal] 008_279.JPG | Grund: Symmetrie: 8/100 | Ziel: Normal/008_279.JPG
[Normal] 008_280.JPG | Grund: Symmetrie: 8/100 | Ziel: Normal/008_280.JPG
[Normal] 084_281.JPG | Grund: Symmetrie: 84/100 | Ziel: Normal/084_281.JPG
[Normal] 077_282.JPG | Grund: Symmetrie: 77/100 | Ziel: Normal/077_282.JPG
[Normal] 086_283.JPG | Grund: Symmetrie: 86/100 | Ziel: Normal/086_283.JPG
[Normal] 080_284.JPG | Grund: Symmetrie: 80/100 | Ziel: Normal/080_284.JPG
[Normal] 074_285.JPG | Grund: Symmetrie: 74/100 | Ziel: Normal/074_285.JPG
[Normal] 077_286.JPG | Grund: Symmetrie: 77/100 | Ziel: Normal/077_286.JPG
[Normal] 081_287.JPG | Grund: Symmetrie: 81/100 | Ziel: Normal/081_287.JPG
[Normal] 066_288.JPG | Grund: Symmetrie: 66/100 | Ziel: Normal/066_288.JPG
[Normal] 076_289.JPG | Grund: Symmetrie: 76/100 | Ziel: Normal/076_289.JPG
[Normal] 084_290.JPG | Grund: Symmetrie: 84/100 | Ziel: Normal/084_290.JPG
[Normal] 079_291.JPG | Grund: Symmetrie: 79/100 | Ziel: Normal/079_291.JPG
[Normal] 071_292.JPG | Grund: Symmetrie: 71/100 | Ziel: Normal/071_292.JPG
[Normal] 007_293.JPG | Grund: Symmetrie: 7/100 | Ziel: Normal/007_293.JPG
[Normal] 083_294.JPG | Grund: Symmetrie: 83/100 | Ziel: Normal/083_294.JPG
[Normal] 082_295.JPG | Grund: Symmetrie: 82/100 | Ziel: Normal/082_295.JPG
[Normal] 002_296.JPG | Grund: Symmetrie: 2/100 | Ziel: Normal/002_296.JPG
[Normal] 004_297.JPG | Grund: Symmetrie: 4/100 | Ziel: Normal/004_297.JPG
[Normal] 069_298.JPG | Grund: Symmetrie: 69/100 | Ziel: Normal/069_298.JPG
[Normal] 069_299.JPG | Grund: Symmetrie: 69/100 | Ziel: Normal/069_299.JPG
[Normal] 004_300.JPG | Grund: Symmetrie: 4/100 | Ziel: Normal/004_300.JPG
[Normal] 082_301.JPG | Grund: Symmetrie: 82/100 | Ziel: Normal/082_301.JPG
[Normal] 077_302.JPG | Grund: Symmetrie: 77/100 | Ziel: Normal/077_302.JPG
[Normal] 070_303.JPG | Grund: Symmetrie: 70/100 | Ziel: Normal/070_303.JPG
[Normal] 083_304.JPG | Grund: Symmetrie: 83/100 | Ziel: Normal/083_304.JPG
[Normal] 000_305.JPG | Grund: Symmetrie: 0/100 | Ziel: Normal/000_305.JPG
[Normal] 086_306.JPG | Grund: Symmetrie: 86/100 | Ziel: Normal/086_306.JPG
[Normal] 074_307.JPG | Grund: Symmetrie: 74/100 | Ziel: Normal/074_307.JPG
[Normal] 086_308.JPG | Grund: Symmetrie: 86/100 | Ziel: Normal/086_308.JPG
[Normal] 084_309.JPG | Grund: Symmetrie: 84/100 | Ziel: Normal/084_309.JPG
[Normal] 081_310.JPG | Grund: Symmetrie: 81/100 | Ziel: Normal/081_310.JPG
[Normal] 084_311.JPG | Grund: Symmetrie: 84/100 | Ziel: Normal/084_311.JPG
[Farbfehler] 312.JPG | Grund: Fleck: 130px | Ziel: Farbfehler/312.JPG
[Normal] 073_313.JPG | Grund: Symmetrie: 73/100 | Ziel: Normal/073_313.JPG
[Normal] 091_314.JPG | Grund: Symmetrie: 91/100 | Ziel: Normal/091_314.JPG
[Farbfehler] 315.JPG | Grund: Fleck: 74px | Ziel: Farbfehler/315.JPG
[Normal] 061_316.JPG | Grund: Symmetrie: 61/100 | Ziel: Normal/061_316.JPG
[Farbfehler] 317.JPG | Grund: Fleck: 64px | Ziel: Farbfehler/317.JPG
[Normal] 069_318.JPG | Grund: Symmetrie: 69/100 | Ziel: Normal/069_318.JPG
[Normal] 071_319.JPG | Grund: Symmetrie: 71/100 | Ziel: Normal/071_319.JPG
[Normal] 003_320.JPG | Grund: Symmetrie: 3/100 | Ziel: Normal/003_320.JPG
[Normal] 074_321.JPG | Grund: Symmetrie: 74/100 | Ziel: Normal/074_321.JPG
[Normal] 082_322.JPG | Grund: Symmetrie: 82/100 | Ziel: Normal/082_322.JPG
[Normal] 078_323.JPG | Grund: Symmetrie: 78/100 | Ziel: Normal/078_323.JPG
[Farbfehler] 324.JPG | Grund: Fleck: 77px | Ziel: Farbfehler/324.JPG
[Normal] 088_325.JPG | Grund: Symmetrie: 88/100 | Ziel: Normal/088_325.JPG
[Normal] 002_326.JPG | Grund: Symmetrie: 2/100 | Ziel: Normal/002_326.JPG
[Normal] 079_327.JPG | Grund: Symmetrie: 79/100 | Ziel: Normal/079_327.JPG
[Normal] 075_328.JPG | Grund: Symmetrie: 75/100 | Ziel: Normal/075_328.JPG
[Normal] 085_329.JPG | Grund: Symmetrie: 85/100 | Ziel: Normal/085_329.JPG
[Normal] 081_330.JPG | Grund: Symmetrie: 81/100 | Ziel: Normal/081_330.JPG
[Normal] 004_331.JPG | Grund: Symmetrie: 4/100 | Ziel: Normal/004_331.JPG
[Normal] 002_332.JPG | Grund: Symmetrie: 2/100 | Ziel: Normal/002_332.JPG
[Normal] 078_333.JPG | Grund: Symmetrie: 78/100 | Ziel: Normal/078_333.JPG
[Normal] 072_334.JPG | Grund: Symmetrie: 72/100 | Ziel: Normal/072_334.JPG
[Normal] 074_335.JPG | Grund: Symmetrie: 74/100 | Ziel: Normal/074_335.JPG
[Normal] 081_336.JPG | Grund: Symmetrie: 81/100 | Ziel: Normal/081_336.JPG
[Normal] 074_337.JPG | Grund: Symmetrie: 74/100 | Ziel: Normal/074_337.JPG
[Normal] 071_338.JPG | Grund: Symmetrie: 71/100 | Ziel: Normal/071_338.JPG
[Normal] 003_339.JPG | Grund: Symmetrie: 3/100 | Ziel: Normal/003_339.JPG
[Normal] 058_340.JPG | Grund: Symmetrie: 58/100 | Ziel: Normal/058_340.JPG
[Normal] 064_341.JPG | Grund: Symmetrie: 64/100 | Ziel: Normal/064_341.JPG
[Normal] 089_342.JPG | Grund: Symmetrie: 89/100 | Ziel: Normal/089_342.JPG
[Normal] 005_343.JPG | Grund: Symmetrie: 5/100 | Ziel: Normal/005_343.JPG
[Farbfehler] 344.JPG | Grund: Fleck: 78px | Ziel: Farbfehler/344.JPG
[Normal] 082_345.JPG | Grund: Symmetrie: 82/100 | Ziel: Normal/082_345.JPG
[Normal] 082_346.JPG | Grund: Symmetrie: 82/100 | Ziel: Normal/082_346.JPG
[Normal] 082_347.JPG | Grund: Symmetrie: 82/100 | Ziel: Normal/082_347.JPG
[Normal] 071_348.JPG | Grund: Symmetrie: 71/100 | Ziel: Normal/071_348.JPG
[Normal] 003_349.JPG | Grund: Symmetrie: 3/100 | Ziel: Normal/003_349.JPG
[Normal] 003_350.JPG | Grund: Symmetrie: 3/100 | Ziel: Normal/003_350.JPG
[Normal] 081_351.JPG | Grund: Symmetrie: 81/100 | Ziel: Normal/081_351.JPG
[Normal] 084_352.JPG | Grund: Symmetrie: 84/100 | Ziel: Normal/084_352.JPG
[Normal] 001_353.JPG | Grund: Symmetrie: 1/100 | Ziel: Normal/001_353.JPG
[Normal] 002_354.JPG | Grund: Symmetrie: 2/100 | Ziel: Normal/002_354.JPG
[Normal] 082_355.JPG | Grund: Symmetrie: 82/100 | Ziel: Normal/082_355.JPG
[Normal] 081_356.JPG | Grund: Symmetrie: 81/100 | Ziel: Normal/081_356.JPG
[Normal] 009_357.JPG | Grund: Symmetrie: 9/100 | Ziel: Normal/009_357.JPG
[Normal] 003_358.JPG | Grund: Symmetrie: 3/100 | Ziel: Normal/003_358.JPG
[Normal] 087_359.JPG | Grund: Symmetrie: 87/100 | Ziel: Normal/087_359.JPG
[Normal] 074_360.JPG | Grund: Symmetrie: 74/100 | Ziel: Normal/074_360.JPG
[Normal] 078_361.JPG | Grund: Symmetrie: 78/100 | Ziel: Normal/078_361.JPG
[Normal] 084_362.JPG | Grund: Symmetrie: 84/100 | Ziel: Normal/084_362.JPG
[Normal] 082_363.JPG | Grund: Symmetrie: 82/100 | Ziel: Normal/082_363.JPG
[Normal] 079_364.JPG | Grund: Symmetrie: 79/100 | Ziel: Normal/079_364.JPG
[Normal] 003_365.JPG | Grund: Symmetrie: 3/100 | Ziel: Normal/003_365.JPG
[Normal] 076_366.JPG | Grund: Symmetrie: 76/100 | Ziel: Normal/076_366.JPG
[Normal] 076_367.JPG | Grund: Symmetrie: 76/100 | Ziel: Normal/076_367.JPG
[Normal] 074_368.JPG | Grund: Symmetrie: 74/100 | Ziel: Normal/074_368.JPG
[Normal] 084_369.JPG | Grund: Symmetrie: 84/100 | Ziel: Normal/084_369.JPG
[Normal] 074_370.JPG | Grund: Symmetrie: 74/100 | Ziel: Normal/074_370.JPG
[Normal] 088_371.JPG | Grund: Symmetrie: 88/100 | Ziel: Normal/088_371.JPG
[Normal] 007_372.JPG | Grund: Symmetrie: 7/100 | Ziel: Normal/007_372.JPG
[Normal] 073_373.JPG | Grund: Symmetrie: 73/100 | Ziel: Normal/073_373.JPG
[Normal] 077_374.JPG | Grund: Symmetrie: 77/100 | Ziel: Normal/077_374.JPG
[Normal] 011_375.JPG | Grund: Symmetrie: 11/100 | Ziel: Normal/011_375.JPG
[Farbfehler] 376.JPG | Grund: Fleck: 84px | Ziel: Farbfehler/376.JPG
[Normal] 065_377.JPG | Grund: Symmetrie: 65/100 | Ziel: Normal/065_377.JPG
[Normal] 004_378.JPG | Grund: Symmetrie: 4/100 | Ziel: Normal/004_378.JPG
[Normal] 076_379.JPG | Grund: Symmetrie: 76/100 | Ziel: Normal/076_379.JPG
[Normal] 071_380.JPG | Grund: Symmetrie: 71/100 | Ziel: Normal/071_380.JPG
[Normal] 076_381.JPG | Grund: Symmetrie: 76/100 | Ziel: Normal/076_381.JPG
[Normal] 003_382.JPG | Grund: Symmetrie: 3/100 | Ziel: Normal/003_382.JPG
[Normal] 003_383.JPG | Grund: Symmetrie: 3/100 | Ziel: Normal/003_383.JPG
[Normal] 077_384.JPG | Grund: Symmetrie: 77/100 | Ziel: Normal/077_384.JPG
[Normal] 004_385.JPG | Grund: Symmetrie: 4/100 | Ziel: Normal/004_385.JPG
[Normal] 082_386.JPG | Grund: Symmetrie: 82/100 | Ziel: Normal/082_386.JPG
[Normal] 005_387.JPG | Grund: Symmetrie: 5/100 | Ziel: Normal/005_387.JPG
[Normal] 073_388.JPG | Grund: Symmetrie: 73/100 | Ziel: Normal/073_388.JPG
[Normal] 081_389.JPG | Grund: Symmetrie: 81/100 | Ziel: Normal/081_389.JPG
[Normal] 079_390.JPG | Grund: Symmetrie: 79/100 | Ziel: Normal/079_390.JPG
[Normal] 001_391.JPG | Grund: Symmetrie: 1/100 | Ziel: Normal/001_391.JPG
[Normal] 073_392.JPG | Grund: Symmetrie: 73/100 | Ziel: Normal/073_392.JPG
[Normal] 065_393.JPG | Grund: Symmetrie: 65/100 | Ziel: Normal/065_393.JPG
[Normal] 001_394.JPG | Grund: Symmetrie: 1/100 | Ziel: Normal/001_394.JPG
[Normal] 009_395.JPG | Grund: Symmetrie: 9/100 | Ziel: Normal/009_395.JPG
[Farbfehler] 396.JPG | Grund: Fleck: 61px | Ziel: Farbfehler/396.JPG
[Normal] 076_397.JPG | Grund: Symmetrie: 76/100 | Ziel: Normal/076_397.JPG
[Farbfehler] 398.JPG | Grund: Fleck: 76px | Ziel: Farbfehler/398.JPG
[Normal] 007_399.JPG | Grund: Symmetrie: 7/100 | Ziel: Normal/007_399.JPG
[Farbfehler] 400.JPG | Grund: Fleck: 107px | Ziel: Farbfehler/400.JPG
[Normal] 002_401.JPG | Grund: Symmetrie: 2/100 | Ziel: Normal/002_401.JPG
[Normal] 080_402.JPG | Grund: Symmetrie: 80/100 | Ziel: Normal/080_402.JPG
[Normal] 080_403.JPG | Grund: Symmetrie: 80/100 | Ziel: Normal/080_403.JPG
[Farbfehler] 404.JPG | Grund: Fleck: 66px | Ziel: Farbfehler/404.JPG
[Normal] 070_405.JPG | Grund: Symmetrie: 70/100 | Ziel: Normal/070_405.JPG
[Normal] 001_406.JPG | Grund: Symmetrie: 1/100 | Ziel: Normal/001_406.JPG
[Normal] 081_407.JPG | Grund: Symmetrie: 81/100 | Ziel: Normal/081_407.JPG
[Normal] 083_408.JPG | Grund: Symmetrie: 83/100 | Ziel: Normal/083_408.JPG
[Normal] 074_409.JPG | Grund: Symmetrie: 74/100 | Ziel: Normal/074_409.JPG
[Normal] 078_410.JPG | Grund: Symmetrie: 78/100 | Ziel: Normal/078_410.JPG
[Normal] 000_411.JPG | Grund: Symmetrie: 0/100 | Ziel: Normal/000_411.JPG
[Farbfehler] 412.JPG | Grund: Fleck: 62px | Ziel: Farbfehler/412.JPG
[Normal] 002_413.JPG | Grund: Symmetrie: 2/100 | Ziel: Normal/002_413.JPG
[Normal] 008_414.JPG | Grund: Symmetrie: 8/100 | Ziel: Normal/008_414.JPG
[Normal] 081_415.JPG | Grund: Symmetrie: 81/100 | Ziel: Normal/081_415.JPG
[Normal] 002_416.JPG | Grund: Symmetrie: 2/100 | Ziel: Normal/002_416.JPG
[Normal] 002_417.JPG | Grund: Symmetrie: 2/100 | Ziel: Normal/002_417.JPG
[Normal] 007_418.JPG | Grund: Symmetrie: 7/100 | Ziel: Normal/007_418.JPG
[Normal] 077_419.JPG | Grund: Symmetrie: 77/100 | Ziel: Normal/077_419.JPG
[Farbfehler] 420.JPG | Grund: Fleck: 76px | Ziel: Farbfehler/420.JPG
[Farbfehler] 421.JPG | Grund: Fleck: 61px | Ziel: Farbfehler/421.JPG
[Normal] 008_422.JPG | Grund: Symmetrie: 8/100 | Ziel: Normal/008_422.JPG
[Normal] 002_423.JPG | Grund: Symmetrie: 2/100 | Ziel: Normal/002_423.JPG
[Normal] 001_424.JPG | Grund: Symmetrie: 1/100 | Ziel: Normal/001_424.JPG
[Normal] 069_425.JPG | Grund: Symmetrie: 69/100 | Ziel: Normal/069_425.JPG
[Normal] 073_426.JPG | Grund: Symmetrie: 73/100 | Ziel: Normal/073_426.JPG
[Normal] 006_427.JPG | Grund: Symmetrie: 6/100 | Ziel: Normal/006_427.JPG
[Normal] 002_428.JPG | Grund: Symmetrie: 2/100 | Ziel: Normal/002_428.JPG
[Normal] 080_429.JPG | Grund: Symmetrie: 80/100 | Ziel: Normal/080_429.JPG
[Normal] 065_430.JPG | Grund: Symmetrie: 65/100 | Ziel: Normal/065_430.JPG
[Normal] 092_431.JPG | Grund: Symmetrie: 92/100 | Ziel: Normal/092_431.JPG
[Normal] 078_432.JPG | Grund: Symmetrie: 78/100 | Ziel: Normal/078_432.JPG
[Normal] 002_433.JPG | Grund: Symmetrie: 2/100 | Ziel: Normal/002_433.JPG
[Normal] 090_434.JPG | Grund: Symmetrie: 90/100 | Ziel: Normal/090_434.JPG
[Normal] 082_435.JPG | Grund: Symmetrie: 82/100 | Ziel: Normal/082_435.JPG
[Normal] 084_436.JPG | Grund: Symmetrie: 84/100 | Ziel: Normal/084_436.JPG
[Farbfehler] 437.JPG | Grund: Fleck: 64px | Ziel: Farbfehler/437.JPG
[Normal] 076_438.JPG | Grund: Symmetrie: 76/100 | Ziel: Normal/076_438.JPG
[Normal] 085_439.JPG | Grund: Symmetrie: 85/100 | Ziel: Normal/085_439.JPG
[Normal] 074_440.JPG | Grund: Symmetrie: 74/100 | Ziel: Normal/074_440.JPG
[Farbfehler] 441.JPG | Grund: Fleck: 176px | Ziel: Farbfehler/441.JPG
[Normal] 078_442.JPG | Grund: Symmetrie: 78/100 | Ziel: Normal/078_442.JPG
[Normal] 093_443.JPG | Grund: Symmetrie: 93/100 | Ziel: Normal/093_443.JPG
[Normal] 075_444.JPG | Grund: Symmetrie: 75/100 | Ziel: Normal/075_444.JPG
[Farbfehler] 445.JPG | Grund: Fleck: 65px | Ziel: Farbfehler/445.JPG
[Normal] 069_446.JPG | Grund: Symmetrie: 69/100 | Ziel: Normal/069_446.JPG
[Farbfehler] 447.JPG | Grund: Fleck: 137px | Ziel: Farbfehler/447.JPG
[Normal] 076_448.JPG | Grund: Symmetrie: 76/100 | Ziel: Normal/076_448.JPG
[Normal] 073_449.JPG | Grund: Symmetrie: 73/100 | Ziel: Normal/073_449.JPG
[Normal] 081_450.JPG | Grund: Symmetrie: 81/100 | Ziel: Normal/081_450.JPG
[Normal] 080_451.JPG | Grund: Symmetrie: 80/100 | Ziel: Normal/080_451.JPG
[Normal] 087_452.JPG | Grund: Symmetrie: 87/100 | Ziel: Normal/087_452.JPG
[Normal] 071_453.JPG | Grund: Symmetrie: 71/100 | Ziel: Normal/071_453.JPG
[Normal] 002_454.JPG | Grund: Symmetrie: 2/100 | Ziel: Normal/002_454.JPG
[Normal] 082_455.JPG | Grund: Symmetrie: 82/100 | Ziel: Normal/082_455.JPG
[Normal] 074_456.JPG | Grund: Symmetrie: 74/100 | Ziel: Normal/074_456.JPG
[Normal] 093_457.JPG | Grund: Symmetrie: 93/100 | Ziel: Normal/093_457.JPG
[Normal] 083_458.JPG | Grund: Symmetrie: 83/100 | Ziel: Normal/083_458.JPG
[Normal] 070_459.JPG | Grund: Symmetrie: 70/100 | Ziel: Normal/070_459.JPG
[Normal] 085_460.JPG | Grund: Symmetrie: 85/100 | Ziel: Normal/085_460.JPG
[Normal] 084_461.JPG | Grund: Symmetrie: 84/100 | Ziel: Normal/084_461.JPG
[Farbfehler] 462.JPG | Grund: Fleck: 111px | Ziel: Farbfehler/462.JPG
[Normal] 088_463.JPG | Grund: Symmetrie: 88/100 | Ziel: Normal/088_463.JPG
[Farbfehler] 464.JPG | Grund: Fleck: 64px | Ziel: Farbfehler/464.JPG
[Normal] 077_465.JPG | Grund: Symmetrie: 77/100 | Ziel: Normal/077_465.JPG
[Farbfehler] 466.JPG | Grund: Fleck: 125px | Ziel: Farbfehler/466.JPG
[Normal] 001_467.JPG | Grund: Symmetrie: 1/100 | Ziel: Normal/001_467.JPG
[Normal] 077_468.JPG | Grund: Symmetrie: 77/100 | Ziel: Normal/077_468.JPG
[Normal] 054_469.JPG | Grund: Symmetrie: 54/100 | Ziel: Normal/054_469.JPG
[Normal] 005_470.JPG | Grund: Symmetrie: 5/100 | Ziel: Normal/005_470.JPG
[Normal] 074_471.JPG | Grund: Symmetrie: 74/100 | Ziel: Normal/074_471.JPG
[Normal] 077_472.JPG | Grund: Symmetrie: 77/100 | Ziel: Normal/077_472.JPG
[Normal] 003_473.JPG | Grund: Symmetrie: 3/100 | Ziel: Normal/003_473.JPG
[Normal] 084_474.JPG | Grund: Symmetrie: 84/100 | Ziel: Normal/084_474.JPG
[Normal] 083_475.JPG | Grund: Symmetrie: 83/100 | Ziel: Normal/083_475.JPG
[Normal] 000_476.JPG | Grund: Symmetrie: 0/100 | Ziel: Normal/000_476.JPG
[Normal] 075_477.JPG | Grund: Symmetrie: 75/100 | Ziel: Normal/075_477.JPG
[Normal] 087_478.JPG | Grund: Symmetrie: 87/100 | Ziel: Normal/087_478.JPG
[Normal] 081_479.JPG | Grund: Symmetrie: 81/100 | Ziel: Normal/081_479.JPG
[Normal] 078_480.JPG | Grund: Symmetrie: 78/100 | Ziel: Normal/078_480.JPG
[Normal] 083_481.JPG | Grund: Symmetrie: 83/100 | Ziel: Normal/083_481.JPG
[Normal] 000_482.JPG | Grund: Symmetrie: 0/100 | Ziel: Normal/000_482.JPG
[Normal] 064_483.JPG | Grund: Symmetrie: 64/100 | Ziel: Normal/064_483.JPG
[Normal] 003_484.JPG | Grund: Symmetrie: 3/100 | Ziel: Normal/003_484.JPG
[Normal] 072_485.JPG | Grund: Symmetrie: 72/100 | Ziel: Normal/072_485.JPG
[Normal] 000_486.JPG | Grund: Symmetrie: 0/100 | Ziel: Normal/000_486.JPG
[Normal] 086_487.JPG | Grund: Symmetrie: 86/100 | Ziel: Normal/086_487.JPG
[Normal] 000_488.JPG | Grund: Symmetrie: 0/100 | Ziel: Normal/000_488.JPG
[Normal] 086_489.JPG | Grund: Symmetrie: 86/100 | Ziel: Normal/086_489.JPG
[Normal] 086_490.JPG | Grund: Symmetrie: 86/100 | Ziel: Normal/086_490.JPG
[Normal] 074_491.JPG | Grund: Symmetrie: 74/100 | Ziel: Normal/074_491.JPG
[Normal] 072_492.JPG | Grund: Symmetrie: 72/100 | Ziel: Normal/072_492.JPG
[Normal] 087_493.JPG | Grund: Symmetrie: 87/100 | Ziel: Normal/087_493.JPG
[Normal] 077_494.JPG | Grund: Symmetrie: 77/100 | Ziel: Normal/077_494.JPG
[Normal] 071_495.JPG | Grund: Symmetrie: 71/100 | Ziel: Normal/071_495.JPG
[Normal] 005_496.JPG | Grund: Symmetrie: 5/100 | Ziel: Normal/005_496.JPG
[Normal] 085_497.JPG | Grund: Symmetrie: 85/100 | Ziel: Normal/085_497.JPG
[Normal] 077_498.JPG | Grund: Symmetrie: 77/100 | Ziel: Normal/077_498.JPG
[Normal] 084_499.JPG | Grund: Symmetrie: 84/100 | Ziel: Normal/084_499.JPG

Sortierung abgeschlossen:

  Klasse     | Anzahl | Anteil % | Beschreibung                                             | Hõufigster Grund          
  -----------+--------+----------+----------------------------------------------------------+---------------------------
  Normal     | 500    | 83.3     | 7 L÷cher, symmetrisch und ohne sichtbare Flecken.        | Symmetrie: 0/100 (25x)    
  Bruch      | 27     | 4.5      | Lochanzahl passt nicht -> Bruch oder Fragment.           | Zu wenig L÷cher: 5 (13x)  
  Farbfehler | 65     | 10.8     | Flecken/Schatten erkannt, obwohl Geometrie ok.           | Fleck: 76px (5x)          
  Rest       | 8      | 1.3      | Kein Objekt oder unklare Form/Fall au▀erhalb der Regeln. | Zu viele Fragmente: 9 (2x)


Validierung (image_anno.csv):
- Gesamtstatistik:

  Statistik         | Wert 
  ------------------+------
  Bewertet          | 600  
  Treffer           | 519  
  Genauigkeit %     | 86.50
  Falsch zugeordnet | 81   

Priorisierung (h÷chste Prioritõt links): Normal > Farbfehler > Bruch > Rest

- Klassen³bersicht:
  Klasse     | Erwartet | Treffer | Genauigkeit %
  -----------+----------+---------+--------------
  Bruch      | 29       | 16      | 55.17        
  Farbfehler | 45       | 30      | 66.67        
  Normal     | 500      | 465     | 93.00        
  Rest       | 26       | 8       | 30.77        

